[2023-05-23 11:36:12,003][__main__][INFO] - Model base checkpoint is None
[2023-05-23 11:36:12,003][__main__][INFO] - Instantiating model...
[2023-05-23 11:36:17,560][__main__][INFO] - Train set size: 3326
[2023-05-23 11:36:17,560][__main__][INFO] - Val set size: 370
[2023-05-23 11:36:17,560][__main__][INFO] - Test set size: 400
[2023-05-23 11:36:17,561][__main__][INFO] - Dataset is timit
[2023-05-23 11:36:17,561][__main__][INFO] - TRAINING MODEL
[2023-05-23 11:36:17,562][__main__][INFO] - Training readout (classifier) weights ONLY
[2023-05-23 11:36:20,164][__main__][INFO] - Epoch: 1/50 | Batch: 10/208 | Loss: 0.6033
[2023-05-23 11:36:20,542][__main__][INFO] - Epoch: 1/50 | Batch: 20/208 | Loss: 0.5017
[2023-05-23 11:36:20,909][__main__][INFO] - Epoch: 1/50 | Batch: 30/208 | Loss: 0.4734
[2023-05-23 11:36:21,272][__main__][INFO] - Epoch: 1/50 | Batch: 40/208 | Loss: 0.4400
[2023-05-23 11:36:21,628][__main__][INFO] - Epoch: 1/50 | Batch: 50/208 | Loss: 0.4279
[2023-05-23 11:36:21,629][__main__][INFO] - MODEL VALIDATION: Epoch: 1/50 | Batch: 50/208
[2023-05-23 11:36:21,629][__main__][INFO] - Evaluating model on 370 samples
[2023-05-23 11:36:22,522][__main__][INFO] - Computing metrics with distance threshold of 1 frames
[2023-05-23 11:36:24,453][__main__][INFO] - SCORES:            Lenient      Harsh
[2023-05-23 11:36:24,453][__main__][INFO] - precision:          0.9718     0.8804
[2023-05-23 11:36:24,454][__main__][INFO] - recall:             0.7550     0.6794
[2023-05-23 11:36:24,454][__main__][INFO] - f1:                 0.8498     0.7670
[2023-05-23 11:36:24,454][__main__][INFO] - rval:               0.8266     0.7706
[2023-05-23 11:36:24,454][__main__][INFO] - New best (harsh) validation rval: 0.7706
[2023-05-23 11:36:24,506][__main__][INFO] - Checkpoint saved to: /home/lwang114/workplace/spring2023/GraphUnsupASR/self-supervised-phone-segmentation/outputs/2023-05-23/None-11-36-11/model.ckpt
[2023-05-23 11:36:24,885][__main__][INFO] - Epoch: 1/50 | Batch: 60/208 | Loss: 0.4290
[2023-05-23 11:36:25,278][__main__][INFO] - Epoch: 1/50 | Batch: 70/208 | Loss: 0.4254
[2023-05-23 11:36:25,659][__main__][INFO] - Epoch: 1/50 | Batch: 80/208 | Loss: 0.4094
[2023-05-23 11:36:26,035][__main__][INFO] - Epoch: 1/50 | Batch: 90/208 | Loss: 0.4096
[2023-05-23 11:36:26,424][__main__][INFO] - Epoch: 1/50 | Batch: 100/208 | Loss: 0.4003
[2023-05-23 11:36:26,425][__main__][INFO] - MODEL VALIDATION: Epoch: 1/50 | Batch: 100/208
[2023-05-23 11:36:26,425][__main__][INFO] - Evaluating model on 370 samples
[2023-05-23 11:36:27,217][__main__][INFO] - Computing metrics with distance threshold of 1 frames
[2023-05-23 11:36:29,001][__main__][INFO] - SCORES:            Lenient      Harsh
[2023-05-23 11:36:29,002][__main__][INFO] - precision:          0.9637     0.9182
[2023-05-23 11:36:29,002][__main__][INFO] - recall:             0.7521     0.6664
[2023-05-23 11:36:29,002][__main__][INFO] - f1:                 0.8449     0.7723
[2023-05-23 11:36:29,002][__main__][INFO] - rval:               0.8244     0.7631
[2023-05-23 11:36:29,389][__main__][INFO] - Epoch: 1/50 | Batch: 110/208 | Loss: 0.4078
[2023-05-23 11:36:29,783][__main__][INFO] - Epoch: 1/50 | Batch: 120/208 | Loss: 0.4152
[2023-05-23 11:36:30,161][__main__][INFO] - Epoch: 1/50 | Batch: 130/208 | Loss: 0.3975
[2023-05-23 11:36:30,547][__main__][INFO] - Epoch: 1/50 | Batch: 140/208 | Loss: 0.4040
[2023-05-23 11:36:30,917][__main__][INFO] - Epoch: 1/50 | Batch: 150/208 | Loss: 0.3959
[2023-05-23 11:36:30,917][__main__][INFO] - MODEL VALIDATION: Epoch: 1/50 | Batch: 150/208
[2023-05-23 11:36:30,918][__main__][INFO] - Evaluating model on 370 samples
[2023-05-23 11:36:31,719][__main__][INFO] - Computing metrics with distance threshold of 1 frames
[2023-05-23 11:36:33,705][__main__][INFO] - SCORES:            Lenient      Harsh
[2023-05-23 11:36:33,705][__main__][INFO] - precision:          0.9577     0.8707
[2023-05-23 11:36:33,705][__main__][INFO] - recall:             0.7850     0.7152
[2023-05-23 11:36:33,706][__main__][INFO] - f1:                 0.8628     0.7854
[2023-05-23 11:36:33,706][__main__][INFO] - rval:               0.8474     0.7944
[2023-05-23 11:36:33,706][__main__][INFO] - New best (harsh) validation rval: 0.7944
[2023-05-23 11:36:33,761][__main__][INFO] - Checkpoint saved to: /home/lwang114/workplace/spring2023/GraphUnsupASR/self-supervised-phone-segmentation/outputs/2023-05-23/None-11-36-11/model.ckpt
[2023-05-23 11:36:34,126][__main__][INFO] - Epoch: 1/50 | Batch: 160/208 | Loss: 0.3940
[2023-05-23 11:36:34,500][__main__][INFO] - Epoch: 1/50 | Batch: 170/208 | Loss: 0.3973
[2023-05-23 11:36:34,885][__main__][INFO] - Epoch: 1/50 | Batch: 180/208 | Loss: 0.4065
[2023-05-23 11:36:35,257][__main__][INFO] - Epoch: 1/50 | Batch: 190/208 | Loss: 0.3864
[2023-05-23 11:36:35,625][__main__][INFO] - Epoch: 1/50 | Batch: 200/208 | Loss: 0.3884
[2023-05-23 11:36:35,626][__main__][INFO] - MODEL VALIDATION: Epoch: 1/50 | Batch: 200/208
[2023-05-23 11:36:35,626][__main__][INFO] - Evaluating model on 370 samples
[2023-05-23 11:36:36,405][__main__][INFO] - Computing metrics with distance threshold of 1 frames
[2023-05-23 11:36:38,356][__main__][INFO] - SCORES:            Lenient      Harsh
[2023-05-23 11:36:38,356][__main__][INFO] - precision:          0.9511     0.8791
[2023-05-23 11:36:38,356][__main__][INFO] - recall:             0.7916     0.7147
[2023-05-23 11:36:38,356][__main__][INFO] - f1:                 0.8640     0.7884
[2023-05-23 11:36:38,356][__main__][INFO] - rval:               0.8519     0.7947
[2023-05-23 11:36:38,356][__main__][INFO] - New best (harsh) validation rval: 0.7947
[2023-05-23 11:36:38,407][__main__][INFO] - Checkpoint saved to: /home/lwang114/workplace/spring2023/GraphUnsupASR/self-supervised-phone-segmentation/outputs/2023-05-23/None-11-36-11/model.ckpt
[2023-05-23 11:36:38,997][__main__][INFO] - Epoch: 2/50 | Batch: 2/208 | Loss: 0.0711
[2023-05-23 11:36:39,345][__main__][INFO] - Epoch: 2/50 | Batch: 12/208 | Loss: 0.3496
[2023-05-23 11:36:39,709][__main__][INFO] - Epoch: 2/50 | Batch: 22/208 | Loss: 0.3558
[2023-05-23 11:36:40,081][__main__][INFO] - Epoch: 2/50 | Batch: 32/208 | Loss: 0.3495
[2023-05-23 11:36:40,463][__main__][INFO] - Epoch: 2/50 | Batch: 42/208 | Loss: 0.3620
[2023-05-23 11:36:40,464][__main__][INFO] - MODEL VALIDATION: Epoch: 2/50 | Batch: 42/208
[2023-05-23 11:36:40,464][__main__][INFO] - Evaluating model on 370 samples
[2023-05-23 11:36:41,311][__main__][INFO] - Computing metrics with distance threshold of 1 frames
[2023-05-23 11:36:43,353][__main__][INFO] - SCORES:            Lenient      Harsh
[2023-05-23 11:36:43,353][__main__][INFO] - precision:          0.9365     0.8496
[2023-05-23 11:36:43,353][__main__][INFO] - recall:             0.8070     0.7348
[2023-05-23 11:36:43,353][__main__][INFO] - f1:                 0.8670     0.7881
[2023-05-23 11:36:43,353][__main__][INFO] - rval:               0.8619     0.8052
[2023-05-23 11:36:43,354][__main__][INFO] - New best (harsh) validation rval: 0.8052
[2023-05-23 11:36:43,401][__main__][INFO] - Checkpoint saved to: /home/lwang114/workplace/spring2023/GraphUnsupASR/self-supervised-phone-segmentation/outputs/2023-05-23/None-11-36-11/model.ckpt
[2023-05-23 11:36:43,772][__main__][INFO] - Epoch: 2/50 | Batch: 52/208 | Loss: 0.3551
[2023-05-23 11:36:44,129][__main__][INFO] - Epoch: 2/50 | Batch: 62/208 | Loss: 0.3616
[2023-05-23 11:36:44,487][__main__][INFO] - Epoch: 2/50 | Batch: 72/208 | Loss: 0.3559
[2023-05-23 11:36:44,859][__main__][INFO] - Epoch: 2/50 | Batch: 82/208 | Loss: 0.3549
[2023-05-23 11:36:45,255][__main__][INFO] - Epoch: 2/50 | Batch: 92/208 | Loss: 0.3641
[2023-05-23 11:36:45,256][__main__][INFO] - MODEL VALIDATION: Epoch: 2/50 | Batch: 92/208
[2023-05-23 11:36:45,256][__main__][INFO] - Evaluating model on 370 samples
[2023-05-23 11:36:46,083][__main__][INFO] - Computing metrics with distance threshold of 1 frames
[2023-05-23 11:36:48,138][__main__][INFO] - SCORES:            Lenient      Harsh
[2023-05-23 11:36:48,138][__main__][INFO] - precision:          0.9362     0.8523
[2023-05-23 11:36:48,138][__main__][INFO] - recall:             0.8137     0.7429
[2023-05-23 11:36:48,138][__main__][INFO] - f1:                 0.8707     0.7938
[2023-05-23 11:36:48,138][__main__][INFO] - rval:               0.8666     0.8108
[2023-05-23 11:36:48,138][__main__][INFO] - New best (harsh) validation rval: 0.8108
[2023-05-23 11:36:48,190][__main__][INFO] - Checkpoint saved to: /home/lwang114/workplace/spring2023/GraphUnsupASR/self-supervised-phone-segmentation/outputs/2023-05-23/None-11-36-11/model.ckpt
[2023-05-23 11:36:48,554][__main__][INFO] - Epoch: 2/50 | Batch: 102/208 | Loss: 0.3575
[2023-05-23 11:36:48,921][__main__][INFO] - Epoch: 2/50 | Batch: 112/208 | Loss: 0.3541
[2023-05-23 11:36:49,282][__main__][INFO] - Epoch: 2/50 | Batch: 122/208 | Loss: 0.3620
[2023-05-23 11:36:49,655][__main__][INFO] - Epoch: 2/50 | Batch: 132/208 | Loss: 0.3609
[2023-05-23 11:36:50,031][__main__][INFO] - Epoch: 2/50 | Batch: 142/208 | Loss: 0.3591
[2023-05-23 11:36:50,031][__main__][INFO] - MODEL VALIDATION: Epoch: 2/50 | Batch: 142/208
[2023-05-23 11:36:50,032][__main__][INFO] - Evaluating model on 370 samples
[2023-05-23 11:36:50,888][__main__][INFO] - Computing metrics with distance threshold of 1 frames
[2023-05-23 11:36:52,814][__main__][INFO] - SCORES:            Lenient      Harsh
[2023-05-23 11:36:52,818][__main__][INFO] - precision:          0.9386     0.8852
[2023-05-23 11:36:52,818][__main__][INFO] - recall:             0.7905     0.7128
[2023-05-23 11:36:52,818][__main__][INFO] - f1:                 0.8582     0.7897
[2023-05-23 11:36:52,818][__main__][INFO] - rval:               0.8506     0.7938
[2023-05-23 11:36:53,185][__main__][INFO] - Epoch: 2/50 | Batch: 152/208 | Loss: 0.3610
[2023-05-23 11:36:53,561][__main__][INFO] - Epoch: 2/50 | Batch: 162/208 | Loss: 0.3601
[2023-05-23 11:36:53,952][__main__][INFO] - Epoch: 2/50 | Batch: 172/208 | Loss: 0.3704
[2023-05-23 11:36:54,341][__main__][INFO] - Epoch: 2/50 | Batch: 182/208 | Loss: 0.3534
[2023-05-23 11:36:54,708][__main__][INFO] - Epoch: 2/50 | Batch: 192/208 | Loss: 0.3544
[2023-05-23 11:36:54,708][__main__][INFO] - MODEL VALIDATION: Epoch: 2/50 | Batch: 192/208
[2023-05-23 11:36:54,708][__main__][INFO] - Evaluating model on 370 samples
[2023-05-23 11:36:55,549][__main__][INFO] - Computing metrics with distance threshold of 1 frames
[2023-05-23 11:36:57,511][__main__][INFO] - SCORES:            Lenient      Harsh
[2023-05-23 11:36:57,516][__main__][INFO] - precision:          0.9332     0.8731
[2023-05-23 11:36:57,516][__main__][INFO] - recall:             0.7954     0.7196
[2023-05-23 11:36:57,516][__main__][INFO] - f1:                 0.8588     0.7890
[2023-05-23 11:36:57,516][__main__][INFO] - rval:               0.8537     0.7976
[2023-05-23 11:36:57,895][__main__][INFO] - Epoch: 2/50 | Batch: 202/208 | Loss: 0.3559
[2023-05-23 11:36:58,513][__main__][INFO] - Epoch: 3/50 | Batch: 4/208 | Loss: 0.1247
[2023-05-23 11:36:58,867][__main__][INFO] - Epoch: 3/50 | Batch: 14/208 | Loss: 0.3020
[2023-05-23 11:36:59,241][__main__][INFO] - Epoch: 3/50 | Batch: 24/208 | Loss: 0.2962
[2023-05-23 11:36:59,628][__main__][INFO] - Epoch: 3/50 | Batch: 34/208 | Loss: 0.2967
[2023-05-23 11:36:59,629][__main__][INFO] - MODEL VALIDATION: Epoch: 3/50 | Batch: 34/208
[2023-05-23 11:36:59,629][__main__][INFO] - Evaluating model on 370 samples
[2023-05-23 11:37:00,484][__main__][INFO] - Computing metrics with distance threshold of 1 frames
[2023-05-23 11:37:02,561][__main__][INFO] - SCORES:            Lenient      Harsh
[2023-05-23 11:37:02,568][__main__][INFO] - precision:          0.9171     0.8536
[2023-05-23 11:37:02,569][__main__][INFO] - recall:             0.8252     0.7514
[2023-05-23 11:37:02,569][__main__][INFO] - f1:                 0.8687     0.7992
[2023-05-23 11:37:02,569][__main__][INFO] - rval:               0.8729     0.8165
[2023-05-23 11:37:02,569][__main__][INFO] - New best (harsh) validation rval: 0.8165
[2023-05-23 11:37:02,627][__main__][INFO] - Checkpoint saved to: /home/lwang114/workplace/spring2023/GraphUnsupASR/self-supervised-phone-segmentation/outputs/2023-05-23/None-11-36-11/model.ckpt
[2023-05-23 11:37:03,002][__main__][INFO] - Epoch: 3/50 | Batch: 44/208 | Loss: 0.3027
[2023-05-23 11:37:03,375][__main__][INFO] - Epoch: 3/50 | Batch: 54/208 | Loss: 0.2995
[2023-05-23 11:37:03,744][__main__][INFO] - Epoch: 3/50 | Batch: 64/208 | Loss: 0.3127
[2023-05-23 11:37:04,115][__main__][INFO] - Epoch: 3/50 | Batch: 74/208 | Loss: 0.3079
[2023-05-23 11:37:04,482][__main__][INFO] - Epoch: 3/50 | Batch: 84/208 | Loss: 0.3097
[2023-05-23 11:37:04,482][__main__][INFO] - MODEL VALIDATION: Epoch: 3/50 | Batch: 84/208
[2023-05-23 11:37:04,483][__main__][INFO] - Evaluating model on 370 samples
[2023-05-23 11:37:05,247][__main__][INFO] - Computing metrics with distance threshold of 1 frames
[2023-05-23 11:37:07,272][__main__][INFO] - SCORES:            Lenient      Harsh
[2023-05-23 11:37:07,278][__main__][INFO] - precision:          0.9329     0.8710
[2023-05-23 11:37:07,278][__main__][INFO] - recall:             0.8180     0.7395
[2023-05-23 11:37:07,278][__main__][INFO] - f1:                 0.8717     0.7999
[2023-05-23 11:37:07,278][__main__][INFO] - rval:               0.8693     0.8107
[2023-05-23 11:37:07,675][__main__][INFO] - Epoch: 3/50 | Batch: 94/208 | Loss: 0.3188
[2023-05-23 11:37:08,067][__main__][INFO] - Epoch: 3/50 | Batch: 104/208 | Loss: 0.3170
[2023-05-23 11:37:08,434][__main__][INFO] - Epoch: 3/50 | Batch: 114/208 | Loss: 0.3183
[2023-05-23 11:37:08,805][__main__][INFO] - Epoch: 3/50 | Batch: 124/208 | Loss: 0.3158
[2023-05-23 11:37:09,175][__main__][INFO] - Epoch: 3/50 | Batch: 134/208 | Loss: 0.3193
[2023-05-23 11:37:09,178][__main__][INFO] - MODEL VALIDATION: Epoch: 3/50 | Batch: 134/208
[2023-05-23 11:37:09,179][__main__][INFO] - Evaluating model on 370 samples
[2023-05-23 11:37:09,998][__main__][INFO] - Computing metrics with distance threshold of 1 frames
[2023-05-23 11:37:12,059][__main__][INFO] - SCORES:            Lenient      Harsh
[2023-05-23 11:37:12,063][__main__][INFO] - precision:          0.9231     0.8504
[2023-05-23 11:37:12,063][__main__][INFO] - recall:             0.8183     0.7472
[2023-05-23 11:37:12,063][__main__][INFO] - f1:                 0.8675     0.7955
[2023-05-23 11:37:12,063][__main__][INFO] - rval:               0.8688     0.8133
[2023-05-23 11:37:12,426][__main__][INFO] - Epoch: 3/50 | Batch: 144/208 | Loss: 0.3224
[2023-05-23 11:37:12,782][__main__][INFO] - Epoch: 3/50 | Batch: 154/208 | Loss: 0.3162
[2023-05-23 11:37:13,160][__main__][INFO] - Epoch: 3/50 | Batch: 164/208 | Loss: 0.3216
[2023-05-23 11:37:13,533][__main__][INFO] - Epoch: 3/50 | Batch: 174/208 | Loss: 0.3322
[2023-05-23 11:37:13,903][__main__][INFO] - Epoch: 3/50 | Batch: 184/208 | Loss: 0.3172
[2023-05-23 11:37:13,904][__main__][INFO] - MODEL VALIDATION: Epoch: 3/50 | Batch: 184/208
[2023-05-23 11:37:13,904][__main__][INFO] - Evaluating model on 370 samples
[2023-05-23 11:37:14,691][__main__][INFO] - Computing metrics with distance threshold of 1 frames
[2023-05-23 11:37:16,751][__main__][INFO] - SCORES:            Lenient      Harsh
[2023-05-23 11:37:16,756][__main__][INFO] - precision:          0.9232     0.8523
[2023-05-23 11:37:16,756][__main__][INFO] - recall:             0.8233     0.7474
[2023-05-23 11:37:16,756][__main__][INFO] - f1:                 0.8704     0.7964
[2023-05-23 11:37:16,756][__main__][INFO] - rval:               0.8722     0.8137
[2023-05-23 11:37:17,142][__main__][INFO] - Epoch: 3/50 | Batch: 194/208 | Loss: 0.3059
[2023-05-23 11:37:17,512][__main__][INFO] - Epoch: 3/50 | Batch: 204/208 | Loss: 0.3235
[2023-05-23 11:37:18,014][__main__][INFO] - Epoch: 4/50 | Batch: 6/208 | Loss: 0.1404
[2023-05-23 11:37:18,377][__main__][INFO] - Epoch: 4/50 | Batch: 16/208 | Loss: 0.2279
[2023-05-23 11:37:18,769][__main__][INFO] - Epoch: 4/50 | Batch: 26/208 | Loss: 0.2334
[2023-05-23 11:37:18,769][__main__][INFO] - MODEL VALIDATION: Epoch: 4/50 | Batch: 26/208
[2023-05-23 11:37:18,770][__main__][INFO] - Evaluating model on 370 samples
[2023-05-23 11:37:19,577][__main__][INFO] - Computing metrics with distance threshold of 1 frames
[2023-05-23 11:37:21,640][__main__][INFO] - SCORES:            Lenient      Harsh
[2023-05-23 11:37:21,644][__main__][INFO] - precision:          0.9101     0.8519
[2023-05-23 11:37:21,645][__main__][INFO] - recall:             0.8225     0.7500
[2023-05-23 11:37:21,645][__main__][INFO] - f1:                 0.8641     0.7977
[2023-05-23 11:37:21,645][__main__][INFO] - rval:               0.8703     0.8153
[2023-05-23 11:37:22,023][__main__][INFO] - Epoch: 4/50 | Batch: 36/208 | Loss: 0.2401
[2023-05-23 11:37:22,384][__main__][INFO] - Epoch: 4/50 | Batch: 46/208 | Loss: 0.2392
[2023-05-23 11:37:22,758][__main__][INFO] - Epoch: 4/50 | Batch: 56/208 | Loss: 0.2449
[2023-05-23 11:37:23,131][__main__][INFO] - Epoch: 4/50 | Batch: 66/208 | Loss: 0.2477
[2023-05-23 11:37:23,505][__main__][INFO] - Epoch: 4/50 | Batch: 76/208 | Loss: 0.2412
[2023-05-23 11:37:23,506][__main__][INFO] - MODEL VALIDATION: Epoch: 4/50 | Batch: 76/208
[2023-05-23 11:37:23,506][__main__][INFO] - Evaluating model on 370 samples
[2023-05-23 11:37:24,283][__main__][INFO] - Computing metrics with distance threshold of 1 frames
[2023-05-23 11:37:26,313][__main__][INFO] - SCORES:            Lenient      Harsh
[2023-05-23 11:37:26,316][__main__][INFO] - precision:          0.9171     0.8585
[2023-05-23 11:37:26,317][__main__][INFO] - recall:             0.8088     0.7372
[2023-05-23 11:37:26,317][__main__][INFO] - f1:                 0.8596     0.7933
[2023-05-23 11:37:26,317][__main__][INFO] - rval:               0.8618     0.8079
[2023-05-23 11:37:26,691][__main__][INFO] - Epoch: 4/50 | Batch: 86/208 | Loss: 0.2603
[2023-05-23 11:37:27,052][__main__][INFO] - Epoch: 4/50 | Batch: 96/208 | Loss: 0.2677
[2023-05-23 11:37:27,410][__main__][INFO] - Epoch: 4/50 | Batch: 106/208 | Loss: 0.2603
[2023-05-23 11:37:27,776][__main__][INFO] - Epoch: 4/50 | Batch: 116/208 | Loss: 0.2567
[2023-05-23 11:37:28,145][__main__][INFO] - Epoch: 4/50 | Batch: 126/208 | Loss: 0.2701
[2023-05-23 11:37:28,155][__main__][INFO] - MODEL VALIDATION: Epoch: 4/50 | Batch: 126/208
[2023-05-23 11:37:28,155][__main__][INFO] - Evaluating model on 370 samples
[2023-05-23 11:37:28,949][__main__][INFO] - Computing metrics with distance threshold of 1 frames
[2023-05-23 11:37:31,016][__main__][INFO] - SCORES:            Lenient      Harsh
[2023-05-23 11:37:31,020][__main__][INFO] - precision:          0.9152     0.8476
[2023-05-23 11:37:31,020][__main__][INFO] - recall:             0.8224     0.7496
[2023-05-23 11:37:31,020][__main__][INFO] - f1:                 0.8663     0.7956
[2023-05-23 11:37:31,020][__main__][INFO] - rval:               0.8708     0.8144
[2023-05-23 11:37:31,393][__main__][INFO] - Epoch: 4/50 | Batch: 136/208 | Loss: 0.2522
[2023-05-23 11:37:31,781][__main__][INFO] - Epoch: 4/50 | Batch: 146/208 | Loss: 0.2648
[2023-05-23 11:37:32,151][__main__][INFO] - Epoch: 4/50 | Batch: 156/208 | Loss: 0.2621
[2023-05-23 11:37:32,522][__main__][INFO] - Epoch: 4/50 | Batch: 166/208 | Loss: 0.2606
[2023-05-23 11:37:32,895][__main__][INFO] - Epoch: 4/50 | Batch: 176/208 | Loss: 0.2613
[2023-05-23 11:37:32,895][__main__][INFO] - MODEL VALIDATION: Epoch: 4/50 | Batch: 176/208
[2023-05-23 11:37:32,896][__main__][INFO] - Evaluating model on 370 samples
[2023-05-23 11:37:33,724][__main__][INFO] - Computing metrics with distance threshold of 1 frames
[2023-05-23 11:37:35,803][__main__][INFO] - SCORES:            Lenient      Harsh
[2023-05-23 11:37:35,807][__main__][INFO] - precision:          0.9213     0.8482
[2023-05-23 11:37:35,807][__main__][INFO] - recall:             0.8261     0.7532
[2023-05-23 11:37:35,807][__main__][INFO] - f1:                 0.8711     0.7979
[2023-05-23 11:37:35,807][__main__][INFO] - rval:               0.8739     0.8169
[2023-05-23 11:37:35,807][__main__][INFO] - New best (harsh) validation rval: 0.8169
[2023-05-23 11:37:35,856][__main__][INFO] - Checkpoint saved to: /home/lwang114/workplace/spring2023/GraphUnsupASR/self-supervised-phone-segmentation/outputs/2023-05-23/None-11-36-11/model.ckpt
[2023-05-23 11:37:36,233][__main__][INFO] - Epoch: 4/50 | Batch: 186/208 | Loss: 0.2715
[2023-05-23 11:37:36,612][__main__][INFO] - Epoch: 4/50 | Batch: 196/208 | Loss: 0.2758
[2023-05-23 11:37:36,976][__main__][INFO] - Epoch: 4/50 | Batch: 206/208 | Loss: 0.2691
[2023-05-23 11:37:37,464][__main__][INFO] - Epoch: 5/50 | Batch: 8/208 | Loss: 0.1512
[2023-05-23 11:37:37,820][__main__][INFO] - Epoch: 5/50 | Batch: 18/208 | Loss: 0.1772
[2023-05-23 11:37:37,821][__main__][INFO] - MODEL VALIDATION: Epoch: 5/50 | Batch: 18/208
[2023-05-23 11:37:37,821][__main__][INFO] - Evaluating model on 370 samples
[2023-05-23 11:37:38,575][__main__][INFO] - Computing metrics with distance threshold of 1 frames
[2023-05-23 11:37:40,787][__main__][INFO] - SCORES:            Lenient      Harsh
[2023-05-23 11:37:40,790][__main__][INFO] - precision:          0.9010     0.8132
[2023-05-23 11:37:40,790][__main__][INFO] - recall:             0.8343     0.7700
[2023-05-23 11:37:40,790][__main__][INFO] - f1:                 0.8664     0.7910
[2023-05-23 11:37:40,790][__main__][INFO] - rval:               0.8769     0.8194
[2023-05-23 11:37:40,791][__main__][INFO] - New best (harsh) validation rval: 0.8194
[2023-05-23 11:37:40,842][__main__][INFO] - Checkpoint saved to: /home/lwang114/workplace/spring2023/GraphUnsupASR/self-supervised-phone-segmentation/outputs/2023-05-23/None-11-36-11/model.ckpt
[2023-05-23 11:37:41,201][__main__][INFO] - Epoch: 5/50 | Batch: 28/208 | Loss: 0.1739
[2023-05-23 11:37:41,582][__main__][INFO] - Epoch: 5/50 | Batch: 38/208 | Loss: 0.1851
[2023-05-23 11:37:41,947][__main__][INFO] - Epoch: 5/50 | Batch: 48/208 | Loss: 0.1831
[2023-05-23 11:37:42,310][__main__][INFO] - Epoch: 5/50 | Batch: 58/208 | Loss: 0.1835
[2023-05-23 11:37:42,706][__main__][INFO] - Epoch: 5/50 | Batch: 68/208 | Loss: 0.1868
[2023-05-23 11:37:42,706][__main__][INFO] - MODEL VALIDATION: Epoch: 5/50 | Batch: 68/208
[2023-05-23 11:37:42,706][__main__][INFO] - Evaluating model on 370 samples
[2023-05-23 11:37:43,534][__main__][INFO] - Computing metrics with distance threshold of 1 frames
[2023-05-23 11:37:45,583][__main__][INFO] - SCORES:            Lenient      Harsh
[2023-05-23 11:37:45,586][__main__][INFO] - precision:          0.9053     0.8545
[2023-05-23 11:37:45,586][__main__][INFO] - recall:             0.8127     0.7342
[2023-05-23 11:37:45,586][__main__][INFO] - f1:                 0.8565     0.7898
[2023-05-23 11:37:45,586][__main__][INFO] - rval:               0.8633     0.8054
[2023-05-23 11:37:45,950][__main__][INFO] - Epoch: 5/50 | Batch: 78/208 | Loss: 0.1973
[2023-05-23 11:37:46,348][__main__][INFO] - Epoch: 5/50 | Batch: 88/208 | Loss: 0.1942
[2023-05-23 11:37:46,717][__main__][INFO] - Epoch: 5/50 | Batch: 98/208 | Loss: 0.1956
[2023-05-23 11:37:47,110][__main__][INFO] - Epoch: 5/50 | Batch: 108/208 | Loss: 0.1882
[2023-05-23 11:37:47,482][__main__][INFO] - Epoch: 5/50 | Batch: 118/208 | Loss: 0.1944
[2023-05-23 11:37:47,486][__main__][INFO] - MODEL VALIDATION: Epoch: 5/50 | Batch: 118/208
[2023-05-23 11:37:47,487][__main__][INFO] - Evaluating model on 370 samples
[2023-05-23 11:37:48,289][__main__][INFO] - Computing metrics with distance threshold of 1 frames
[2023-05-23 11:37:50,343][__main__][INFO] - SCORES:            Lenient      Harsh
[2023-05-23 11:37:50,347][__main__][INFO] - precision:          0.9061     0.8482
[2023-05-23 11:37:50,348][__main__][INFO] - recall:             0.8210     0.7454
[2023-05-23 11:37:50,348][__main__][INFO] - f1:                 0.8615     0.7935
[2023-05-23 11:37:50,348][__main__][INFO] - rval:               0.8688     0.8118
[2023-05-23 11:37:50,725][__main__][INFO] - Epoch: 5/50 | Batch: 128/208 | Loss: 0.2002
[2023-05-23 11:37:51,128][__main__][INFO] - Epoch: 5/50 | Batch: 138/208 | Loss: 0.2098
[2023-05-23 11:37:51,498][__main__][INFO] - Epoch: 5/50 | Batch: 148/208 | Loss: 0.2053
[2023-05-23 11:37:51,890][__main__][INFO] - Epoch: 5/50 | Batch: 158/208 | Loss: 0.2093
[2023-05-23 11:37:52,274][__main__][INFO] - Epoch: 5/50 | Batch: 168/208 | Loss: 0.2135
[2023-05-23 11:37:52,274][__main__][INFO] - MODEL VALIDATION: Epoch: 5/50 | Batch: 168/208
[2023-05-23 11:37:52,274][__main__][INFO] - Evaluating model on 370 samples
[2023-05-23 11:37:53,061][__main__][INFO] - Computing metrics with distance threshold of 1 frames
[2023-05-23 11:37:55,079][__main__][INFO] - SCORES:            Lenient      Harsh
[2023-05-23 11:37:55,085][__main__][INFO] - precision:          0.9159     0.8645
[2023-05-23 11:37:55,085][__main__][INFO] - recall:             0.8068     0.7330
[2023-05-23 11:37:55,085][__main__][INFO] - f1:                 0.8579     0.7934
[2023-05-23 11:37:55,086][__main__][INFO] - rval:               0.8603     0.8058
[2023-05-23 11:37:55,456][__main__][INFO] - Epoch: 5/50 | Batch: 178/208 | Loss: 0.2079
[2023-05-23 11:37:55,832][__main__][INFO] - Epoch: 5/50 | Batch: 188/208 | Loss: 0.2076
[2023-05-23 11:37:56,204][__main__][INFO] - Epoch: 5/50 | Batch: 198/208 | Loss: 0.2107
[2023-05-23 11:37:56,571][__main__][INFO] - Epoch: 5/50 | Batch: 208/208 | Loss: 0.2158
[2023-05-23 11:37:57,057][__main__][INFO] - Epoch: 6/50 | Batch: 10/208 | Loss: 0.1335
[2023-05-23 11:37:57,058][__main__][INFO] - MODEL VALIDATION: Epoch: 6/50 | Batch: 10/208
[2023-05-23 11:37:57,058][__main__][INFO] - Evaluating model on 370 samples
[2023-05-23 11:37:57,924][__main__][INFO] - Computing metrics with distance threshold of 1 frames
[2023-05-23 11:38:00,142][__main__][INFO] - SCORES:            Lenient      Harsh
[2023-05-23 11:38:00,145][__main__][INFO] - precision:          0.8862     0.7978
[2023-05-23 11:38:00,145][__main__][INFO] - recall:             0.8342     0.7694
[2023-05-23 11:38:00,145][__main__][INFO] - f1:                 0.8594     0.7834
[2023-05-23 11:38:00,145][__main__][INFO] - rval:               0.8742     0.8144
[2023-05-23 11:38:00,523][__main__][INFO] - Epoch: 6/50 | Batch: 20/208 | Loss: 0.1380
[2023-05-23 11:38:00,911][__main__][INFO] - Epoch: 6/50 | Batch: 30/208 | Loss: 0.1317
[2023-05-23 11:38:01,289][__main__][INFO] - Epoch: 6/50 | Batch: 40/208 | Loss: 0.1437
[2023-05-23 11:38:01,657][__main__][INFO] - Epoch: 6/50 | Batch: 50/208 | Loss: 0.1488
[2023-05-23 11:38:02,027][__main__][INFO] - Epoch: 6/50 | Batch: 60/208 | Loss: 0.1446
[2023-05-23 11:38:02,028][__main__][INFO] - MODEL VALIDATION: Epoch: 6/50 | Batch: 60/208
[2023-05-23 11:38:02,028][__main__][INFO] - Evaluating model on 370 samples
[2023-05-23 11:38:02,953][__main__][INFO] - Computing metrics with distance threshold of 1 frames
[2023-05-23 11:38:05,054][__main__][INFO] - SCORES:            Lenient      Harsh
[2023-05-23 11:38:05,060][__main__][INFO] - precision:          0.9047     0.8289
[2023-05-23 11:38:05,060][__main__][INFO] - recall:             0.8160     0.7463
[2023-05-23 11:38:05,060][__main__][INFO] - f1:                 0.8580     0.7854
[2023-05-23 11:38:05,060][__main__][INFO] - rval:               0.8653     0.8092
[2023-05-23 11:38:05,464][__main__][INFO] - Epoch: 6/50 | Batch: 70/208 | Loss: 0.1421
[2023-05-23 11:38:05,855][__main__][INFO] - Epoch: 6/50 | Batch: 80/208 | Loss: 0.1430
[2023-05-23 11:38:06,240][__main__][INFO] - Epoch: 6/50 | Batch: 90/208 | Loss: 0.1512
[2023-05-23 11:38:06,605][__main__][INFO] - Epoch: 6/50 | Batch: 100/208 | Loss: 0.1439
[2023-05-23 11:38:06,969][__main__][INFO] - Epoch: 6/50 | Batch: 110/208 | Loss: 0.1515
[2023-05-23 11:38:06,977][__main__][INFO] - MODEL VALIDATION: Epoch: 6/50 | Batch: 110/208
[2023-05-23 11:38:06,977][__main__][INFO] - Evaluating model on 370 samples
[2023-05-23 11:38:07,765][__main__][INFO] - Computing metrics with distance threshold of 1 frames
[2023-05-23 11:38:09,862][__main__][INFO] - SCORES:            Lenient      Harsh
[2023-05-23 11:38:09,866][__main__][INFO] - precision:          0.9006     0.8321
[2023-05-23 11:38:09,866][__main__][INFO] - recall:             0.8238     0.7498
[2023-05-23 11:38:09,866][__main__][INFO] - f1:                 0.8605     0.7888
[2023-05-23 11:38:09,866][__main__][INFO] - rval:               0.8700     0.8120
[2023-05-23 11:38:10,245][__main__][INFO] - Epoch: 6/50 | Batch: 120/208 | Loss: 0.1518
[2023-05-23 11:38:10,606][__main__][INFO] - Epoch: 6/50 | Batch: 130/208 | Loss: 0.1516
[2023-05-23 11:38:10,980][__main__][INFO] - Epoch: 6/50 | Batch: 140/208 | Loss: 0.1571
[2023-05-23 11:38:11,363][__main__][INFO] - Epoch: 6/50 | Batch: 150/208 | Loss: 0.1487
[2023-05-23 11:38:11,734][__main__][INFO] - Epoch: 6/50 | Batch: 160/208 | Loss: 0.1593
[2023-05-23 11:38:11,740][__main__][INFO] - MODEL VALIDATION: Epoch: 6/50 | Batch: 160/208
[2023-05-23 11:38:11,740][__main__][INFO] - Evaluating model on 370 samples
[2023-05-23 11:38:12,513][__main__][INFO] - Computing metrics with distance threshold of 1 frames
[2023-05-23 11:38:14,734][__main__][INFO] - SCORES:            Lenient      Harsh
[2023-05-23 11:38:14,740][__main__][INFO] - precision:          0.8839     0.7975
[2023-05-23 11:38:14,740][__main__][INFO] - recall:             0.8355     0.7707
[2023-05-23 11:38:14,740][__main__][INFO] - f1:                 0.8591     0.7838
[2023-05-23 11:38:14,740][__main__][INFO] - rval:               0.8745     0.8149
[2023-05-23 11:38:15,137][__main__][INFO] - Epoch: 6/50 | Batch: 170/208 | Loss: 0.1610
[2023-05-23 11:38:15,518][__main__][INFO] - Epoch: 6/50 | Batch: 180/208 | Loss: 0.1553
[2023-05-23 11:38:15,900][__main__][INFO] - Epoch: 6/50 | Batch: 190/208 | Loss: 0.1592
[2023-05-23 11:38:16,288][__main__][INFO] - Epoch: 6/50 | Batch: 200/208 | Loss: 0.1593
[2023-05-23 11:38:16,780][__main__][INFO] - Epoch: 7/50 | Batch: 2/208 | Loss: 0.0206
[2023-05-23 11:38:16,785][__main__][INFO] - MODEL VALIDATION: Epoch: 7/50 | Batch: 2/208
[2023-05-23 11:38:16,785][__main__][INFO] - Evaluating model on 370 samples
[2023-05-23 11:38:17,589][__main__][INFO] - Computing metrics with distance threshold of 1 frames
[2023-05-23 11:38:19,734][__main__][INFO] - SCORES:            Lenient      Harsh
[2023-05-23 11:38:19,738][__main__][INFO] - precision:          0.8933     0.8193
[2023-05-23 11:38:19,738][__main__][INFO] - recall:             0.8286     0.7591
[2023-05-23 11:38:19,738][__main__][INFO] - f1:                 0.8598     0.7881
[2023-05-23 11:38:19,738][__main__][INFO] - rval:               0.8720     0.8149
[2023-05-23 11:38:20,123][__main__][INFO] - Epoch: 7/50 | Batch: 12/208 | Loss: 0.1017
[2023-05-23 11:38:20,498][__main__][INFO] - Epoch: 7/50 | Batch: 22/208 | Loss: 0.0953
[2023-05-23 11:38:20,890][__main__][INFO] - Epoch: 7/50 | Batch: 32/208 | Loss: 0.1104
[2023-05-23 11:38:21,280][__main__][INFO] - Epoch: 7/50 | Batch: 42/208 | Loss: 0.0992
[2023-05-23 11:38:21,658][__main__][INFO] - Epoch: 7/50 | Batch: 52/208 | Loss: 0.1102
[2023-05-23 11:38:21,658][__main__][INFO] - MODEL VALIDATION: Epoch: 7/50 | Batch: 52/208
[2023-05-23 11:38:21,659][__main__][INFO] - Evaluating model on 370 samples
[2023-05-23 11:38:22,468][__main__][INFO] - Computing metrics with distance threshold of 1 frames
[2023-05-23 11:38:24,614][__main__][INFO] - SCORES:            Lenient      Harsh
[2023-05-23 11:38:24,619][__main__][INFO] - precision:          0.8926     0.8170
[2023-05-23 11:38:24,619][__main__][INFO] - recall:             0.8274     0.7577
[2023-05-23 11:38:24,619][__main__][INFO] - f1:                 0.8587     0.7862
[2023-05-23 11:38:24,619][__main__][INFO] - rval:               0.8711     0.8135
[2023-05-23 11:38:24,986][__main__][INFO] - Epoch: 7/50 | Batch: 62/208 | Loss: 0.0958
[2023-05-23 11:38:25,350][__main__][INFO] - Epoch: 7/50 | Batch: 72/208 | Loss: 0.1080
[2023-05-23 11:38:25,723][__main__][INFO] - Epoch: 7/50 | Batch: 82/208 | Loss: 0.1070
[2023-05-23 11:38:26,120][__main__][INFO] - Epoch: 7/50 | Batch: 92/208 | Loss: 0.1157
[2023-05-23 11:38:26,480][__main__][INFO] - Epoch: 7/50 | Batch: 102/208 | Loss: 0.1227
[2023-05-23 11:38:26,480][__main__][INFO] - MODEL VALIDATION: Epoch: 7/50 | Batch: 102/208
[2023-05-23 11:38:26,481][__main__][INFO] - Evaluating model on 370 samples
[2023-05-23 11:38:27,214][__main__][INFO] - Computing metrics with distance threshold of 1 frames
[2023-05-23 11:38:29,519][__main__][INFO] - SCORES:            Lenient      Harsh
[2023-05-23 11:38:29,535][__main__][INFO] - precision:          0.8817     0.7737
[2023-05-23 11:38:29,535][__main__][INFO] - recall:             0.8353     0.7731
[2023-05-23 11:38:29,535][__main__][INFO] - f1:                 0.8579     0.7734
[2023-05-23 11:38:29,535][__main__][INFO] - rval:               0.8740     0.8066
[2023-05-23 11:38:29,895][__main__][INFO] - Epoch: 7/50 | Batch: 112/208 | Loss: 0.1128
[2023-05-23 11:38:30,287][__main__][INFO] - Epoch: 7/50 | Batch: 122/208 | Loss: 0.1163
[2023-05-23 11:38:30,698][__main__][INFO] - Epoch: 7/50 | Batch: 132/208 | Loss: 0.1151
[2023-05-23 11:38:31,068][__main__][INFO] - Epoch: 7/50 | Batch: 142/208 | Loss: 0.1204
[2023-05-23 11:38:31,455][__main__][INFO] - Epoch: 7/50 | Batch: 152/208 | Loss: 0.1162
[2023-05-23 11:38:31,455][__main__][INFO] - MODEL VALIDATION: Epoch: 7/50 | Batch: 152/208
[2023-05-23 11:38:31,456][__main__][INFO] - Evaluating model on 370 samples
[2023-05-23 11:38:32,286][__main__][INFO] - Computing metrics with distance threshold of 1 frames
[2023-05-23 11:38:34,382][__main__][INFO] - SCORES:            Lenient      Harsh
[2023-05-23 11:38:34,386][__main__][INFO] - precision:          0.8985     0.8313
[2023-05-23 11:38:34,386][__main__][INFO] - recall:             0.8166     0.7422
[2023-05-23 11:38:34,386][__main__][INFO] - f1:                 0.8556     0.7842
[2023-05-23 11:38:34,386][__main__][INFO] - rval:               0.8650     0.8071
[2023-05-23 11:38:34,779][__main__][INFO] - Epoch: 7/50 | Batch: 162/208 | Loss: 0.1207
[2023-05-23 11:38:35,155][__main__][INFO] - Epoch: 7/50 | Batch: 172/208 | Loss: 0.1217
[2023-05-23 11:38:35,536][__main__][INFO] - Epoch: 7/50 | Batch: 182/208 | Loss: 0.1181
[2023-05-23 11:38:35,926][__main__][INFO] - Epoch: 7/50 | Batch: 192/208 | Loss: 0.1256
[2023-05-23 11:38:36,302][__main__][INFO] - Epoch: 7/50 | Batch: 202/208 | Loss: 0.1259
[2023-05-23 11:38:36,306][__main__][INFO] - MODEL VALIDATION: Epoch: 7/50 | Batch: 202/208
[2023-05-23 11:38:36,306][__main__][INFO] - Evaluating model on 370 samples
[2023-05-23 11:38:37,108][__main__][INFO] - Computing metrics with distance threshold of 1 frames
[2023-05-23 11:38:39,253][__main__][INFO] - SCORES:            Lenient      Harsh
[2023-05-23 11:38:39,257][__main__][INFO] - precision:          0.8888     0.8169
[2023-05-23 11:38:39,257][__main__][INFO] - recall:             0.8261     0.7558
[2023-05-23 11:38:39,257][__main__][INFO] - f1:                 0.8563     0.7852
[2023-05-23 11:38:39,257][__main__][INFO] - rval:               0.8696     0.8124
[2023-05-23 11:38:39,820][__main__][INFO] - Epoch: 8/50 | Batch: 4/208 | Loss: 0.0349
[2023-05-23 11:38:40,181][__main__][INFO] - Epoch: 8/50 | Batch: 14/208 | Loss: 0.0805
[2023-05-23 11:38:40,546][__main__][INFO] - Epoch: 8/50 | Batch: 24/208 | Loss: 0.0825
[2023-05-23 11:38:40,900][__main__][INFO] - Epoch: 8/50 | Batch: 34/208 | Loss: 0.0742
[2023-05-23 11:38:41,273][__main__][INFO] - Epoch: 8/50 | Batch: 44/208 | Loss: 0.0808
[2023-05-23 11:38:41,276][__main__][INFO] - MODEL VALIDATION: Epoch: 8/50 | Batch: 44/208
[2023-05-23 11:38:41,277][__main__][INFO] - Evaluating model on 370 samples
[2023-05-23 11:38:42,047][__main__][INFO] - Computing metrics with distance threshold of 1 frames
[2023-05-23 11:38:44,227][__main__][INFO] - SCORES:            Lenient      Harsh
[2023-05-23 11:38:44,231][__main__][INFO] - precision:          0.8860     0.8005
[2023-05-23 11:38:44,231][__main__][INFO] - recall:             0.8295     0.7603
[2023-05-23 11:38:44,231][__main__][INFO] - f1:                 0.8568     0.7799
[2023-05-23 11:38:44,231][__main__][INFO] - rval:               0.8712     0.8106
[2023-05-23 11:38:44,625][__main__][INFO] - Epoch: 8/50 | Batch: 54/208 | Loss: 0.0778
[2023-05-23 11:38:45,019][__main__][INFO] - Epoch: 8/50 | Batch: 64/208 | Loss: 0.0771
[2023-05-23 11:38:45,401][__main__][INFO] - Epoch: 8/50 | Batch: 74/208 | Loss: 0.0796
[2023-05-23 11:38:45,783][__main__][INFO] - Epoch: 8/50 | Batch: 84/208 | Loss: 0.0812
[2023-05-23 11:38:46,161][__main__][INFO] - Epoch: 8/50 | Batch: 94/208 | Loss: 0.0857
[2023-05-23 11:38:46,165][__main__][INFO] - MODEL VALIDATION: Epoch: 8/50 | Batch: 94/208
[2023-05-23 11:38:46,166][__main__][INFO] - Evaluating model on 370 samples
[2023-05-23 11:38:46,961][__main__][INFO] - Computing metrics with distance threshold of 1 frames
[2023-05-23 11:38:49,071][__main__][INFO] - SCORES:            Lenient      Harsh
[2023-05-23 11:38:49,079][__main__][INFO] - precision:          0.8968     0.8217
[2023-05-23 11:38:49,080][__main__][INFO] - recall:             0.8182     0.7448
[2023-05-23 11:38:49,080][__main__][INFO] - f1:                 0.8557     0.7814
[2023-05-23 11:38:49,080][__main__][INFO] - rval:               0.8658     0.8069
[2023-05-23 11:38:49,457][__main__][INFO] - Epoch: 8/50 | Batch: 104/208 | Loss: 0.0875
[2023-05-23 11:38:49,846][__main__][INFO] - Epoch: 8/50 | Batch: 114/208 | Loss: 0.0940
[2023-05-23 11:38:50,200][__main__][INFO] - Epoch: 8/50 | Batch: 124/208 | Loss: 0.0854
[2023-05-23 11:38:50,562][__main__][INFO] - Epoch: 8/50 | Batch: 134/208 | Loss: 0.0946
[2023-05-23 11:38:50,918][__main__][INFO] - Epoch: 8/50 | Batch: 144/208 | Loss: 0.0890
[2023-05-23 11:38:50,918][__main__][INFO] - MODEL VALIDATION: Epoch: 8/50 | Batch: 144/208
[2023-05-23 11:38:50,919][__main__][INFO] - Evaluating model on 370 samples
[2023-05-23 11:38:51,732][__main__][INFO] - Computing metrics with distance threshold of 1 frames
[2023-05-23 11:38:53,941][__main__][INFO] - SCORES:            Lenient      Harsh
[2023-05-23 11:38:53,948][__main__][INFO] - precision:          0.8708     0.7930
[2023-05-23 11:38:53,948][__main__][INFO] - recall:             0.8314     0.7629
[2023-05-23 11:38:53,948][__main__][INFO] - f1:                 0.8506     0.7776
[2023-05-23 11:38:53,948][__main__][INFO] - rval:               0.8691     0.8095
[2023-05-23 11:38:54,324][__main__][INFO] - Epoch: 8/50 | Batch: 154/208 | Loss: 0.0919
[2023-05-23 11:38:54,705][__main__][INFO] - Epoch: 8/50 | Batch: 164/208 | Loss: 0.0960
[2023-05-23 11:38:55,060][__main__][INFO] - Epoch: 8/50 | Batch: 174/208 | Loss: 0.0889
[2023-05-23 11:38:55,440][__main__][INFO] - Epoch: 8/50 | Batch: 184/208 | Loss: 0.0914
[2023-05-23 11:38:55,812][__main__][INFO] - Epoch: 8/50 | Batch: 194/208 | Loss: 0.0988
[2023-05-23 11:38:55,813][__main__][INFO] - MODEL VALIDATION: Epoch: 8/50 | Batch: 194/208
[2023-05-23 11:38:55,813][__main__][INFO] - Evaluating model on 370 samples
[2023-05-23 11:38:56,745][__main__][INFO] - Computing metrics with distance threshold of 1 frames
[2023-05-23 11:38:58,914][__main__][INFO] - SCORES:            Lenient      Harsh
[2023-05-23 11:38:58,918][__main__][INFO] - precision:          0.8908     0.8059
[2023-05-23 11:38:58,918][__main__][INFO] - recall:             0.8252     0.7547
[2023-05-23 11:38:58,918][__main__][INFO] - f1:                 0.8567     0.7794
[2023-05-23 11:38:58,918][__main__][INFO] - rval:               0.8694     0.8090
[2023-05-23 11:38:59,284][__main__][INFO] - Epoch: 8/50 | Batch: 204/208 | Loss: 0.0972
[2023-05-23 11:38:59,758][__main__][INFO] - Epoch: 9/50 | Batch: 6/208 | Loss: 0.0396
[2023-05-23 11:39:00,130][__main__][INFO] - Epoch: 9/50 | Batch: 16/208 | Loss: 0.0658
[2023-05-23 11:39:00,502][__main__][INFO] - Epoch: 9/50 | Batch: 26/208 | Loss: 0.0612
[2023-05-23 11:39:00,873][__main__][INFO] - Epoch: 9/50 | Batch: 36/208 | Loss: 0.0669
[2023-05-23 11:39:00,874][__main__][INFO] - MODEL VALIDATION: Epoch: 9/50 | Batch: 36/208
[2023-05-23 11:39:00,874][__main__][INFO] - Evaluating model on 370 samples
[2023-05-23 11:39:01,690][__main__][INFO] - Computing metrics with distance threshold of 1 frames
[2023-05-23 11:39:03,945][__main__][INFO] - SCORES:            Lenient      Harsh
[2023-05-23 11:39:03,950][__main__][INFO] - precision:          0.8928     0.8043
[2023-05-23 11:39:03,950][__main__][INFO] - recall:             0.8186     0.7510
[2023-05-23 11:39:03,950][__main__][INFO] - f1:                 0.8541     0.7768
[2023-05-23 11:39:03,950][__main__][INFO] - rval:               0.8655     0.8066
[2023-05-23 11:39:04,314][__main__][INFO] - Epoch: 9/50 | Batch: 46/208 | Loss: 0.0571
[2023-05-23 11:39:04,687][__main__][INFO] - Epoch: 9/50 | Batch: 56/208 | Loss: 0.0576
[2023-05-23 11:39:05,053][__main__][INFO] - Epoch: 9/50 | Batch: 66/208 | Loss: 0.0629
[2023-05-23 11:39:05,433][__main__][INFO] - Epoch: 9/50 | Batch: 76/208 | Loss: 0.0653
[2023-05-23 11:39:05,810][__main__][INFO] - Epoch: 9/50 | Batch: 86/208 | Loss: 0.0667
[2023-05-23 11:39:05,810][__main__][INFO] - MODEL VALIDATION: Epoch: 9/50 | Batch: 86/208
[2023-05-23 11:39:05,811][__main__][INFO] - Evaluating model on 370 samples
[2023-05-23 11:39:06,636][__main__][INFO] - Computing metrics with distance threshold of 1 frames
[2023-05-23 11:39:08,800][__main__][INFO] - SCORES:            Lenient      Harsh
[2023-05-23 11:39:08,805][__main__][INFO] - precision:          0.8716     0.8007
[2023-05-23 11:39:08,805][__main__][INFO] - recall:             0.8261     0.7525
[2023-05-23 11:39:08,805][__main__][INFO] - f1:                 0.8482     0.7758
[2023-05-23 11:39:08,805][__main__][INFO] - rval:               0.8662     0.8064
[2023-05-23 11:39:09,179][__main__][INFO] - Epoch: 9/50 | Batch: 96/208 | Loss: 0.0720
[2023-05-23 11:39:09,536][__main__][INFO] - Epoch: 9/50 | Batch: 106/208 | Loss: 0.0720
[2023-05-23 11:39:09,901][__main__][INFO] - Epoch: 9/50 | Batch: 116/208 | Loss: 0.0686
[2023-05-23 11:39:10,253][__main__][INFO] - Epoch: 9/50 | Batch: 126/208 | Loss: 0.0690
[2023-05-23 11:39:10,615][__main__][INFO] - Epoch: 9/50 | Batch: 136/208 | Loss: 0.0726
[2023-05-23 11:39:10,619][__main__][INFO] - MODEL VALIDATION: Epoch: 9/50 | Batch: 136/208
[2023-05-23 11:39:10,620][__main__][INFO] - Evaluating model on 370 samples
[2023-05-23 11:39:11,480][__main__][INFO] - Computing metrics with distance threshold of 1 frames
[2023-05-23 11:39:13,593][__main__][INFO] - SCORES:            Lenient      Harsh
[2023-05-23 11:39:13,597][__main__][INFO] - precision:          0.9020     0.8186
[2023-05-23 11:39:13,597][__main__][INFO] - recall:             0.8105     0.7410
[2023-05-23 11:39:13,597][__main__][INFO] - f1:                 0.8538     0.7779
[2023-05-23 11:39:13,597][__main__][INFO] - rval:               0.8614     0.8041
[2023-05-23 11:39:13,978][__main__][INFO] - Epoch: 9/50 | Batch: 146/208 | Loss: 0.0740
[2023-05-23 11:39:14,347][__main__][INFO] - Epoch: 9/50 | Batch: 156/208 | Loss: 0.0710
[2023-05-23 11:39:14,740][__main__][INFO] - Epoch: 9/50 | Batch: 166/208 | Loss: 0.0796
[2023-05-23 11:39:15,142][__main__][INFO] - Epoch: 9/50 | Batch: 176/208 | Loss: 0.0724
[2023-05-23 11:39:15,516][__main__][INFO] - Epoch: 9/50 | Batch: 186/208 | Loss: 0.0694
[2023-05-23 11:39:15,523][__main__][INFO] - MODEL VALIDATION: Epoch: 9/50 | Batch: 186/208
[2023-05-23 11:39:15,523][__main__][INFO] - Evaluating model on 370 samples
[2023-05-23 11:39:16,310][__main__][INFO] - Computing metrics with distance threshold of 1 frames
[2023-05-23 11:39:18,470][__main__][INFO] - SCORES:            Lenient      Harsh
[2023-05-23 11:39:18,478][__main__][INFO] - precision:          0.8899     0.8016
[2023-05-23 11:39:18,478][__main__][INFO] - recall:             0.8206     0.7549
[2023-05-23 11:39:18,478][__main__][INFO] - f1:                 0.8539     0.7775
[2023-05-23 11:39:18,478][__main__][INFO] - rval:               0.8663     0.8080
[2023-05-23 11:39:18,853][__main__][INFO] - Epoch: 9/50 | Batch: 196/208 | Loss: 0.0718
[2023-05-23 11:39:19,236][__main__][INFO] - Epoch: 9/50 | Batch: 206/208 | Loss: 0.0794
[2023-05-23 11:39:19,721][__main__][INFO] - Epoch: 10/50 | Batch: 8/208 | Loss: 0.0409
[2023-05-23 11:39:20,097][__main__][INFO] - Epoch: 10/50 | Batch: 18/208 | Loss: 0.0490
[2023-05-23 11:39:20,459][__main__][INFO] - Epoch: 10/50 | Batch: 28/208 | Loss: 0.0444
[2023-05-23 11:39:20,476][__main__][INFO] - MODEL VALIDATION: Epoch: 10/50 | Batch: 28/208
[2023-05-23 11:39:20,477][__main__][INFO] - Evaluating model on 370 samples
[2023-05-23 11:39:21,273][__main__][INFO] - Computing metrics with distance threshold of 1 frames
[2023-05-23 11:39:23,331][__main__][INFO] - SCORES:            Lenient      Harsh
[2023-05-23 11:39:23,337][__main__][INFO] - precision:          0.8917     0.8308
[2023-05-23 11:39:23,338][__main__][INFO] - recall:             0.8033     0.7270
[2023-05-23 11:39:23,338][__main__][INFO] - f1:                 0.8452     0.7754
[2023-05-23 11:39:23,338][__main__][INFO] - rval:               0.8554     0.7975
[2023-05-23 11:39:23,713][__main__][INFO] - Epoch: 10/50 | Batch: 38/208 | Loss: 0.0424
[2023-05-23 11:39:24,080][__main__][INFO] - Epoch: 10/50 | Batch: 48/208 | Loss: 0.0545
[2023-05-23 11:39:24,446][__main__][INFO] - Epoch: 10/50 | Batch: 58/208 | Loss: 0.0551
[2023-05-23 11:39:24,809][__main__][INFO] - Epoch: 10/50 | Batch: 68/208 | Loss: 0.0572
[2023-05-23 11:39:25,190][__main__][INFO] - Epoch: 10/50 | Batch: 78/208 | Loss: 0.0535
[2023-05-23 11:39:25,191][__main__][INFO] - MODEL VALIDATION: Epoch: 10/50 | Batch: 78/208
[2023-05-23 11:39:25,191][__main__][INFO] - Evaluating model on 370 samples
[2023-05-23 11:39:26,032][__main__][INFO] - Computing metrics with distance threshold of 1 frames
[2023-05-23 11:39:28,153][__main__][INFO] - SCORES:            Lenient      Harsh
[2023-05-23 11:39:28,153][__main__][INFO] - precision:          0.8914     0.8079
[2023-05-23 11:39:28,153][__main__][INFO] - recall:             0.8129     0.7424
[2023-05-23 11:39:28,153][__main__][INFO] - f1:                 0.8504     0.7738
[2023-05-23 11:39:28,154][__main__][INFO] - rval:               0.8616     0.8026
[2023-05-23 11:39:28,513][__main__][INFO] - Epoch: 10/50 | Batch: 88/208 | Loss: 0.0561
[2023-05-23 11:39:28,872][__main__][INFO] - Epoch: 10/50 | Batch: 98/208 | Loss: 0.0542
[2023-05-23 11:39:29,236][__main__][INFO] - Epoch: 10/50 | Batch: 108/208 | Loss: 0.0502
[2023-05-23 11:39:29,600][__main__][INFO] - Epoch: 10/50 | Batch: 118/208 | Loss: 0.0582
[2023-05-23 11:39:29,969][__main__][INFO] - Epoch: 10/50 | Batch: 128/208 | Loss: 0.0541
[2023-05-23 11:39:29,969][__main__][INFO] - MODEL VALIDATION: Epoch: 10/50 | Batch: 128/208
[2023-05-23 11:39:29,970][__main__][INFO] - Evaluating model on 370 samples
[2023-05-23 11:39:30,820][__main__][INFO] - Computing metrics with distance threshold of 1 frames
[2023-05-23 11:39:32,970][__main__][INFO] - SCORES:            Lenient      Harsh
[2023-05-23 11:39:32,970][__main__][INFO] - precision:          0.8828     0.8058
[2023-05-23 11:39:32,970][__main__][INFO] - recall:             0.8200     0.7499
[2023-05-23 11:39:32,970][__main__][INFO] - f1:                 0.8502     0.7768
[2023-05-23 11:39:32,970][__main__][INFO] - rval:               0.8647     0.8063
[2023-05-23 11:39:33,331][__main__][INFO] - Epoch: 10/50 | Batch: 138/208 | Loss: 0.0646
[2023-05-23 11:39:33,695][__main__][INFO] - Epoch: 10/50 | Batch: 148/208 | Loss: 0.0592
[2023-05-23 11:39:34,093][__main__][INFO] - Epoch: 10/50 | Batch: 158/208 | Loss: 0.0549
[2023-05-23 11:39:34,486][__main__][INFO] - Epoch: 10/50 | Batch: 168/208 | Loss: 0.0603
[2023-05-23 11:39:34,872][__main__][INFO] - Epoch: 10/50 | Batch: 178/208 | Loss: 0.0600
[2023-05-23 11:39:34,873][__main__][INFO] - MODEL VALIDATION: Epoch: 10/50 | Batch: 178/208
[2023-05-23 11:39:34,873][__main__][INFO] - Evaluating model on 370 samples
[2023-05-23 11:39:35,629][__main__][INFO] - Computing metrics with distance threshold of 1 frames
[2023-05-23 11:39:37,723][__main__][INFO] - SCORES:            Lenient      Harsh
[2023-05-23 11:39:37,723][__main__][INFO] - precision:          0.8901     0.8201
[2023-05-23 11:39:37,724][__main__][INFO] - recall:             0.8122     0.7378
[2023-05-23 11:39:37,724][__main__][INFO] - f1:                 0.8494     0.7768
[2023-05-23 11:39:37,724][__main__][INFO] - rval:               0.8610     0.8024
[2023-05-23 11:39:38,098][__main__][INFO] - Epoch: 10/50 | Batch: 188/208 | Loss: 0.0576
[2023-05-23 11:39:38,459][__main__][INFO] - Epoch: 10/50 | Batch: 198/208 | Loss: 0.0571
[2023-05-23 11:39:38,838][__main__][INFO] - Epoch: 10/50 | Batch: 208/208 | Loss: 0.0655
[2023-05-23 11:39:39,308][__main__][INFO] - Epoch: 11/50 | Batch: 10/208 | Loss: 0.0344
[2023-05-23 11:39:39,674][__main__][INFO] - Epoch: 11/50 | Batch: 20/208 | Loss: 0.0387
[2023-05-23 11:39:39,674][__main__][INFO] - MODEL VALIDATION: Epoch: 11/50 | Batch: 20/208
[2023-05-23 11:39:39,675][__main__][INFO] - Evaluating model on 370 samples
[2023-05-23 11:39:40,478][__main__][INFO] - Computing metrics with distance threshold of 1 frames
[2023-05-23 11:39:42,637][__main__][INFO] - SCORES:            Lenient      Harsh
[2023-05-23 11:39:42,637][__main__][INFO] - precision:          0.8846     0.7995
[2023-05-23 11:39:42,637][__main__][INFO] - recall:             0.8176     0.7499
[2023-05-23 11:39:42,637][__main__][INFO] - f1:                 0.8498     0.7739
[2023-05-23 11:39:42,637][__main__][INFO] - rval:               0.8635     0.8046
[2023-05-23 11:39:43,014][__main__][INFO] - Epoch: 11/50 | Batch: 30/208 | Loss: 0.0412
[2023-05-23 11:39:43,377][__main__][INFO] - Epoch: 11/50 | Batch: 40/208 | Loss: 0.0397
[2023-05-23 11:39:43,737][__main__][INFO] - Epoch: 11/50 | Batch: 50/208 | Loss: 0.0404
[2023-05-23 11:39:44,105][__main__][INFO] - Epoch: 11/50 | Batch: 60/208 | Loss: 0.0428
[2023-05-23 11:39:44,464][__main__][INFO] - Epoch: 11/50 | Batch: 70/208 | Loss: 0.0420
[2023-05-23 11:39:44,464][__main__][INFO] - MODEL VALIDATION: Epoch: 11/50 | Batch: 70/208
[2023-05-23 11:39:44,465][__main__][INFO] - Evaluating model on 370 samples
[2023-05-23 11:39:45,264][__main__][INFO] - Computing metrics with distance threshold of 1 frames
[2023-05-23 11:39:47,328][__main__][INFO] - SCORES:            Lenient      Harsh
[2023-05-23 11:39:47,328][__main__][INFO] - precision:          0.9001     0.8243
[2023-05-23 11:39:47,328][__main__][INFO] - recall:             0.8014     0.7283
[2023-05-23 11:39:47,328][__main__][INFO] - f1:                 0.8479     0.7733
[2023-05-23 11:39:47,328][__main__][INFO] - rval:               0.8551     0.7973
[2023-05-23 11:39:47,700][__main__][INFO] - Epoch: 11/50 | Batch: 80/208 | Loss: 0.0402
[2023-05-23 11:39:48,068][__main__][INFO] - Epoch: 11/50 | Batch: 90/208 | Loss: 0.0442
[2023-05-23 11:39:48,432][__main__][INFO] - Epoch: 11/50 | Batch: 100/208 | Loss: 0.0434
[2023-05-23 11:39:48,839][__main__][INFO] - Epoch: 11/50 | Batch: 110/208 | Loss: 0.0444
[2023-05-23 11:39:49,211][__main__][INFO] - Epoch: 11/50 | Batch: 120/208 | Loss: 0.0498
[2023-05-23 11:39:49,212][__main__][INFO] - MODEL VALIDATION: Epoch: 11/50 | Batch: 120/208
[2023-05-23 11:39:49,212][__main__][INFO] - Evaluating model on 370 samples
[2023-05-23 11:39:50,136][__main__][INFO] - Computing metrics with distance threshold of 1 frames
[2023-05-23 11:39:52,195][__main__][INFO] - SCORES:            Lenient      Harsh
[2023-05-23 11:39:52,195][__main__][INFO] - precision:          0.8925     0.8225
[2023-05-23 11:39:52,195][__main__][INFO] - recall:             0.7973     0.7220
[2023-05-23 11:39:52,195][__main__][INFO] - f1:                 0.8422     0.7690
[2023-05-23 11:39:52,196][__main__][INFO] - rval:               0.8515     0.7931
[2023-05-23 11:39:52,561][__main__][INFO] - Epoch: 11/50 | Batch: 130/208 | Loss: 0.0436
[2023-05-23 11:39:52,951][__main__][INFO] - Epoch: 11/50 | Batch: 140/208 | Loss: 0.0453
[2023-05-23 11:39:53,355][__main__][INFO] - Epoch: 11/50 | Batch: 150/208 | Loss: 0.0490
[2023-05-23 11:39:53,731][__main__][INFO] - Epoch: 11/50 | Batch: 160/208 | Loss: 0.0533
[2023-05-23 11:39:54,102][__main__][INFO] - Epoch: 11/50 | Batch: 170/208 | Loss: 0.0480
[2023-05-23 11:39:54,102][__main__][INFO] - MODEL VALIDATION: Epoch: 11/50 | Batch: 170/208
[2023-05-23 11:39:54,103][__main__][INFO] - Evaluating model on 370 samples
[2023-05-23 11:39:54,915][__main__][INFO] - Computing metrics with distance threshold of 1 frames
[2023-05-23 11:39:57,043][__main__][INFO] - SCORES:            Lenient      Harsh
[2023-05-23 11:39:57,043][__main__][INFO] - precision:          0.8973     0.8133
[2023-05-23 11:39:57,043][__main__][INFO] - recall:             0.8192     0.7477
[2023-05-23 11:39:57,043][__main__][INFO] - f1:                 0.8565     0.7791
[2023-05-23 11:39:57,043][__main__][INFO] - rval:               0.8665     0.8069
[2023-05-23 11:39:57,411][__main__][INFO] - Epoch: 11/50 | Batch: 180/208 | Loss: 0.0499
[2023-05-23 11:39:57,773][__main__][INFO] - Epoch: 11/50 | Batch: 190/208 | Loss: 0.0498
[2023-05-23 11:39:58,130][__main__][INFO] - Epoch: 11/50 | Batch: 200/208 | Loss: 0.0497
[2023-05-23 11:39:58,671][__main__][INFO] - Epoch: 12/50 | Batch: 2/208 | Loss: 0.0069
[2023-05-23 11:39:59,040][__main__][INFO] - Epoch: 12/50 | Batch: 12/208 | Loss: 0.0364
[2023-05-23 11:39:59,041][__main__][INFO] - MODEL VALIDATION: Epoch: 12/50 | Batch: 12/208
[2023-05-23 11:39:59,041][__main__][INFO] - Evaluating model on 370 samples
[2023-05-23 11:39:59,833][__main__][INFO] - Computing metrics with distance threshold of 1 frames
[2023-05-23 11:40:01,986][__main__][INFO] - SCORES:            Lenient      Harsh
[2023-05-23 11:40:01,986][__main__][INFO] - precision:          0.8869     0.8111
[2023-05-23 11:40:01,987][__main__][INFO] - recall:             0.8055     0.7356
[2023-05-23 11:40:01,987][__main__][INFO] - f1:                 0.8442     0.7715
[2023-05-23 11:40:01,987][__main__][INFO] - rval:               0.8561     0.7993
[2023-05-23 11:40:02,372][__main__][INFO] - Epoch: 12/50 | Batch: 22/208 | Loss: 0.0318
[2023-05-23 11:40:02,752][__main__][INFO] - Epoch: 12/50 | Batch: 32/208 | Loss: 0.0320
[2023-05-23 11:40:03,115][__main__][INFO] - Epoch: 12/50 | Batch: 42/208 | Loss: 0.0381
[2023-05-23 11:40:03,491][__main__][INFO] - Epoch: 12/50 | Batch: 52/208 | Loss: 0.0376
[2023-05-23 11:40:03,872][__main__][INFO] - Epoch: 12/50 | Batch: 62/208 | Loss: 0.0390
[2023-05-23 11:40:03,872][__main__][INFO] - MODEL VALIDATION: Epoch: 12/50 | Batch: 62/208
[2023-05-23 11:40:03,872][__main__][INFO] - Evaluating model on 370 samples
[2023-05-23 11:40:04,658][__main__][INFO] - Computing metrics with distance threshold of 1 frames
[2023-05-23 11:40:06,713][__main__][INFO] - SCORES:            Lenient      Harsh
[2023-05-23 11:40:06,723][__main__][INFO] - precision:          0.8951     0.8231
[2023-05-23 11:40:06,723][__main__][INFO] - recall:             0.7967     0.7246
[2023-05-23 11:40:06,723][__main__][INFO] - f1:                 0.8430     0.7708
[2023-05-23 11:40:06,723][__main__][INFO] - rval:               0.8514     0.7948
[2023-05-23 11:40:07,079][__main__][INFO] - Epoch: 12/50 | Batch: 72/208 | Loss: 0.0324
[2023-05-23 11:40:07,435][__main__][INFO] - Epoch: 12/50 | Batch: 82/208 | Loss: 0.0413
[2023-05-23 11:40:07,809][__main__][INFO] - Epoch: 12/50 | Batch: 92/208 | Loss: 0.0398
[2023-05-23 11:40:08,179][__main__][INFO] - Epoch: 12/50 | Batch: 102/208 | Loss: 0.0394
[2023-05-23 11:40:08,551][__main__][INFO] - Epoch: 12/50 | Batch: 112/208 | Loss: 0.0355
[2023-05-23 11:40:08,555][__main__][INFO] - MODEL VALIDATION: Epoch: 12/50 | Batch: 112/208
[2023-05-23 11:40:08,556][__main__][INFO] - Evaluating model on 370 samples
[2023-05-23 11:40:09,350][__main__][INFO] - Computing metrics with distance threshold of 1 frames
[2023-05-23 11:40:11,497][__main__][INFO] - SCORES:            Lenient      Harsh
[2023-05-23 11:40:11,506][__main__][INFO] - precision:          0.8878     0.8035
[2023-05-23 11:40:11,506][__main__][INFO] - recall:             0.8146     0.7439
[2023-05-23 11:40:11,506][__main__][INFO] - f1:                 0.8496     0.7725
[2023-05-23 11:40:11,506][__main__][INFO] - rval:               0.8622     0.8023
[2023-05-23 11:40:11,890][__main__][INFO] - Epoch: 12/50 | Batch: 122/208 | Loss: 0.0346
[2023-05-23 11:40:12,255][__main__][INFO] - Epoch: 12/50 | Batch: 132/208 | Loss: 0.0388
[2023-05-23 11:40:12,638][__main__][INFO] - Epoch: 12/50 | Batch: 142/208 | Loss: 0.0434
[2023-05-23 11:40:13,016][__main__][INFO] - Epoch: 12/50 | Batch: 152/208 | Loss: 0.0429
[2023-05-23 11:40:13,392][__main__][INFO] - Epoch: 12/50 | Batch: 162/208 | Loss: 0.0424
[2023-05-23 11:40:13,397][__main__][INFO] - MODEL VALIDATION: Epoch: 12/50 | Batch: 162/208
[2023-05-23 11:40:13,398][__main__][INFO] - Evaluating model on 370 samples
[2023-05-23 11:40:14,219][__main__][INFO] - Computing metrics with distance threshold of 1 frames
[2023-05-23 11:40:16,364][__main__][INFO] - SCORES:            Lenient      Harsh
[2023-05-23 11:40:16,371][__main__][INFO] - precision:          0.8931     0.8026
[2023-05-23 11:40:16,371][__main__][INFO] - recall:             0.8199     0.7469
[2023-05-23 11:40:16,371][__main__][INFO] - f1:                 0.8549     0.7738
[2023-05-23 11:40:16,371][__main__][INFO] - rval:               0.8663     0.8038
[2023-05-23 11:40:16,754][__main__][INFO] - Epoch: 12/50 | Batch: 172/208 | Loss: 0.0462
[2023-05-23 11:40:17,131][__main__][INFO] - Epoch: 12/50 | Batch: 182/208 | Loss: 0.0438
[2023-05-23 11:40:17,527][__main__][INFO] - Epoch: 12/50 | Batch: 192/208 | Loss: 0.0518
[2023-05-23 11:40:17,911][__main__][INFO] - Epoch: 12/50 | Batch: 202/208 | Loss: 0.0457
[2023-05-23 11:40:18,518][__main__][INFO] - Epoch: 13/50 | Batch: 4/208 | Loss: 0.0102
[2023-05-23 11:40:18,527][__main__][INFO] - MODEL VALIDATION: Epoch: 13/50 | Batch: 4/208
[2023-05-23 11:40:18,528][__main__][INFO] - Evaluating model on 370 samples
[2023-05-23 11:40:19,449][__main__][INFO] - Computing metrics with distance threshold of 1 frames
[2023-05-23 11:40:21,497][__main__][INFO] - SCORES:            Lenient      Harsh
[2023-05-23 11:40:21,505][__main__][INFO] - precision:          0.9056     0.8336
[2023-05-23 11:40:21,505][__main__][INFO] - recall:             0.7998     0.7253
[2023-05-23 11:40:21,505][__main__][INFO] - f1:                 0.8494     0.7757
[2023-05-23 11:40:21,505][__main__][INFO] - rval:               0.8546     0.7969
[2023-05-23 11:40:21,851][__main__][INFO] - Epoch: 13/50 | Batch: 14/208 | Loss: 0.0269
[2023-05-23 11:40:22,222][__main__][INFO] - Epoch: 13/50 | Batch: 24/208 | Loss: 0.0317
[2023-05-23 11:40:22,591][__main__][INFO] - Epoch: 13/50 | Batch: 34/208 | Loss: 0.0369
[2023-05-23 11:40:22,984][__main__][INFO] - Epoch: 13/50 | Batch: 44/208 | Loss: 0.0305
[2023-05-23 11:40:23,374][__main__][INFO] - Epoch: 13/50 | Batch: 54/208 | Loss: 0.0329
[2023-05-23 11:40:23,375][__main__][INFO] - MODEL VALIDATION: Epoch: 13/50 | Batch: 54/208
[2023-05-23 11:40:23,375][__main__][INFO] - Evaluating model on 370 samples
[2023-05-23 11:40:24,190][__main__][INFO] - Computing metrics with distance threshold of 1 frames
[2023-05-23 11:40:26,309][__main__][INFO] - SCORES:            Lenient      Harsh
[2023-05-23 11:40:26,319][__main__][INFO] - precision:          0.8905     0.8149
[2023-05-23 11:40:26,319][__main__][INFO] - recall:             0.8131     0.7417
[2023-05-23 11:40:26,319][__main__][INFO] - f1:                 0.8500     0.7766
[2023-05-23 11:40:26,319][__main__][INFO] - rval:               0.8616     0.8037
[2023-05-23 11:40:26,685][__main__][INFO] - Epoch: 13/50 | Batch: 64/208 | Loss: 0.0328
[2023-05-23 11:40:27,063][__main__][INFO] - Epoch: 13/50 | Batch: 74/208 | Loss: 0.0338
[2023-05-23 11:40:27,426][__main__][INFO] - Epoch: 13/50 | Batch: 84/208 | Loss: 0.0349
[2023-05-23 11:40:27,792][__main__][INFO] - Epoch: 13/50 | Batch: 94/208 | Loss: 0.0359
[2023-05-23 11:40:28,157][__main__][INFO] - Epoch: 13/50 | Batch: 104/208 | Loss: 0.0368
[2023-05-23 11:40:28,157][__main__][INFO] - MODEL VALIDATION: Epoch: 13/50 | Batch: 104/208
[2023-05-23 11:40:28,158][__main__][INFO] - Evaluating model on 370 samples
[2023-05-23 11:40:28,952][__main__][INFO] - Computing metrics with distance threshold of 1 frames
[2023-05-23 11:40:31,135][__main__][INFO] - SCORES:            Lenient      Harsh
[2023-05-23 11:40:31,143][__main__][INFO] - precision:          0.8835     0.7950
[2023-05-23 11:40:31,143][__main__][INFO] - recall:             0.8230     0.7518
[2023-05-23 11:40:31,143][__main__][INFO] - f1:                 0.8522     0.7728
[2023-05-23 11:40:31,143][__main__][INFO] - rval:               0.8668     0.8044
[2023-05-23 11:40:31,522][__main__][INFO] - Epoch: 13/50 | Batch: 114/208 | Loss: 0.0350
[2023-05-23 11:40:31,908][__main__][INFO] - Epoch: 13/50 | Batch: 124/208 | Loss: 0.0391
[2023-05-23 11:40:32,275][__main__][INFO] - Epoch: 13/50 | Batch: 134/208 | Loss: 0.0396
[2023-05-23 11:40:32,657][__main__][INFO] - Epoch: 13/50 | Batch: 144/208 | Loss: 0.0356
[2023-05-23 11:40:33,046][__main__][INFO] - Epoch: 13/50 | Batch: 154/208 | Loss: 0.0350
[2023-05-23 11:40:33,046][__main__][INFO] - MODEL VALIDATION: Epoch: 13/50 | Batch: 154/208
[2023-05-23 11:40:33,047][__main__][INFO] - Evaluating model on 370 samples
[2023-05-23 11:40:33,870][__main__][INFO] - Computing metrics with distance threshold of 1 frames
[2023-05-23 11:40:35,963][__main__][INFO] - SCORES:            Lenient      Harsh
[2023-05-23 11:40:35,972][__main__][INFO] - precision:          0.8838     0.8133
[2023-05-23 11:40:35,973][__main__][INFO] - recall:             0.8059     0.7304
[2023-05-23 11:40:35,973][__main__][INFO] - f1:                 0.8431     0.7696
[2023-05-23 11:40:35,973][__main__][INFO] - rval:               0.8560     0.7966
[2023-05-23 11:40:36,349][__main__][INFO] - Epoch: 13/50 | Batch: 164/208 | Loss: 0.0413
[2023-05-23 11:40:36,718][__main__][INFO] - Epoch: 13/50 | Batch: 174/208 | Loss: 0.0413
[2023-05-23 11:40:37,085][__main__][INFO] - Epoch: 13/50 | Batch: 184/208 | Loss: 0.0413
[2023-05-23 11:40:37,444][__main__][INFO] - Epoch: 13/50 | Batch: 194/208 | Loss: 0.0415
[2023-05-23 11:40:37,814][__main__][INFO] - Epoch: 13/50 | Batch: 204/208 | Loss: 0.0459
[2023-05-23 11:40:37,820][__main__][INFO] - MODEL VALIDATION: Epoch: 13/50 | Batch: 204/208
[2023-05-23 11:40:37,821][__main__][INFO] - Evaluating model on 370 samples
[2023-05-23 11:40:38,662][__main__][INFO] - Computing metrics with distance threshold of 1 frames
[2023-05-23 11:40:40,808][__main__][INFO] - SCORES:            Lenient      Harsh
[2023-05-23 11:40:40,816][__main__][INFO] - precision:          0.8801     0.8142
[2023-05-23 11:40:40,816][__main__][INFO] - recall:             0.8216     0.7483
[2023-05-23 11:40:40,816][__main__][INFO] - f1:                 0.8498     0.7798
[2023-05-23 11:40:40,816][__main__][INFO] - rval:               0.8652     0.8074
[2023-05-23 11:40:41,316][__main__][INFO] - Epoch: 14/50 | Batch: 6/208 | Loss: 0.0175
[2023-05-23 11:40:41,674][__main__][INFO] - Epoch: 14/50 | Batch: 16/208 | Loss: 0.0290
[2023-05-23 11:40:42,037][__main__][INFO] - Epoch: 14/50 | Batch: 26/208 | Loss: 0.0284
[2023-05-23 11:40:42,413][__main__][INFO] - Epoch: 14/50 | Batch: 36/208 | Loss: 0.0312
[2023-05-23 11:40:42,793][__main__][INFO] - Epoch: 14/50 | Batch: 46/208 | Loss: 0.0298
[2023-05-23 11:40:42,794][__main__][INFO] - MODEL VALIDATION: Epoch: 14/50 | Batch: 46/208
[2023-05-23 11:40:42,794][__main__][INFO] - Evaluating model on 370 samples
[2023-05-23 11:40:43,701][__main__][INFO] - Computing metrics with distance threshold of 1 frames
[2023-05-23 11:40:45,871][__main__][INFO] - SCORES:            Lenient      Harsh
[2023-05-23 11:40:45,872][__main__][INFO] - precision:          0.8906     0.8083
[2023-05-23 11:40:45,872][__main__][INFO] - recall:             0.8148     0.7446
[2023-05-23 11:40:45,872][__main__][INFO] - f1:                 0.8510     0.7752
[2023-05-23 11:40:45,872][__main__][INFO] - rval:               0.8627     0.8039
[2023-05-23 11:40:46,251][__main__][INFO] - Epoch: 14/50 | Batch: 56/208 | Loss: 0.0248
[2023-05-23 11:40:46,608][__main__][INFO] - Epoch: 14/50 | Batch: 66/208 | Loss: 0.0264
[2023-05-23 11:40:46,974][__main__][INFO] - Epoch: 14/50 | Batch: 76/208 | Loss: 0.0318
[2023-05-23 11:40:47,338][__main__][INFO] - Epoch: 14/50 | Batch: 86/208 | Loss: 0.0309
[2023-05-23 11:40:47,700][__main__][INFO] - Epoch: 14/50 | Batch: 96/208 | Loss: 0.0334
[2023-05-23 11:40:47,701][__main__][INFO] - MODEL VALIDATION: Epoch: 14/50 | Batch: 96/208
[2023-05-23 11:40:47,701][__main__][INFO] - Evaluating model on 370 samples
[2023-05-23 11:40:48,508][__main__][INFO] - Computing metrics with distance threshold of 1 frames
[2023-05-23 11:40:50,591][__main__][INFO] - SCORES:            Lenient      Harsh
[2023-05-23 11:40:50,592][__main__][INFO] - precision:          0.8864     0.8179
[2023-05-23 11:40:50,592][__main__][INFO] - recall:             0.8101     0.7350
[2023-05-23 11:40:50,592][__main__][INFO] - f1:                 0.8465     0.7743
[2023-05-23 11:40:50,592][__main__][INFO] - rval:               0.8591     0.8003
[2023-05-23 11:40:50,973][__main__][INFO] - Epoch: 14/50 | Batch: 106/208 | Loss: 0.0321
[2023-05-23 11:40:51,346][__main__][INFO] - Epoch: 14/50 | Batch: 116/208 | Loss: 0.0370
[2023-05-23 11:40:51,724][__main__][INFO] - Epoch: 14/50 | Batch: 126/208 | Loss: 0.0375
[2023-05-23 11:40:52,090][__main__][INFO] - Epoch: 14/50 | Batch: 136/208 | Loss: 0.0344
[2023-05-23 11:40:52,457][__main__][INFO] - Epoch: 14/50 | Batch: 146/208 | Loss: 0.0340
[2023-05-23 11:40:52,458][__main__][INFO] - MODEL VALIDATION: Epoch: 14/50 | Batch: 146/208
[2023-05-23 11:40:52,458][__main__][INFO] - Evaluating model on 370 samples
[2023-05-23 11:40:53,297][__main__][INFO] - Computing metrics with distance threshold of 1 frames
[2023-05-23 11:40:55,390][__main__][INFO] - SCORES:            Lenient      Harsh
[2023-05-23 11:40:55,390][__main__][INFO] - precision:          0.8971     0.8239
[2023-05-23 11:40:55,390][__main__][INFO] - recall:             0.8134     0.7405
[2023-05-23 11:40:55,390][__main__][INFO] - f1:                 0.8532     0.7799
[2023-05-23 11:40:55,390][__main__][INFO] - rval:               0.8627     0.8047
[2023-05-23 11:40:55,764][__main__][INFO] - Epoch: 14/50 | Batch: 156/208 | Loss: 0.0343
[2023-05-23 11:40:56,131][__main__][INFO] - Epoch: 14/50 | Batch: 166/208 | Loss: 0.0338
[2023-05-23 11:40:56,526][__main__][INFO] - Epoch: 14/50 | Batch: 176/208 | Loss: 0.0378
[2023-05-23 11:40:56,894][__main__][INFO] - Epoch: 14/50 | Batch: 186/208 | Loss: 0.0366
[2023-05-23 11:40:57,291][__main__][INFO] - Epoch: 14/50 | Batch: 196/208 | Loss: 0.0344
[2023-05-23 11:40:57,291][__main__][INFO] - MODEL VALIDATION: Epoch: 14/50 | Batch: 196/208
[2023-05-23 11:40:57,292][__main__][INFO] - Evaluating model on 370 samples
[2023-05-23 11:40:58,098][__main__][INFO] - Computing metrics with distance threshold of 1 frames
[2023-05-23 11:41:00,223][__main__][INFO] - SCORES:            Lenient      Harsh
[2023-05-23 11:41:00,223][__main__][INFO] - precision:          0.8859     0.8175
[2023-05-23 11:41:00,224][__main__][INFO] - recall:             0.8098     0.7390
[2023-05-23 11:41:00,224][__main__][INFO] - f1:                 0.8461     0.7763
[2023-05-23 11:41:00,224][__main__][INFO] - rval:               0.8588     0.8026
[2023-05-23 11:41:00,593][__main__][INFO] - Epoch: 14/50 | Batch: 206/208 | Loss: 0.0392
[2023-05-23 11:41:01,140][__main__][INFO] - Epoch: 15/50 | Batch: 8/208 | Loss: 0.0186
[2023-05-23 11:41:01,509][__main__][INFO] - Epoch: 15/50 | Batch: 18/208 | Loss: 0.0242
[2023-05-23 11:41:01,904][__main__][INFO] - Epoch: 15/50 | Batch: 28/208 | Loss: 0.0229
[2023-05-23 11:41:02,276][__main__][INFO] - Epoch: 15/50 | Batch: 38/208 | Loss: 0.0219
[2023-05-23 11:41:02,276][__main__][INFO] - MODEL VALIDATION: Epoch: 15/50 | Batch: 38/208
[2023-05-23 11:41:02,277][__main__][INFO] - Evaluating model on 370 samples
[2023-05-23 11:41:03,103][__main__][INFO] - Computing metrics with distance threshold of 1 frames
[2023-05-23 11:41:05,210][__main__][INFO] - SCORES:            Lenient      Harsh
[2023-05-23 11:41:05,210][__main__][INFO] - precision:          0.8898     0.8124
[2023-05-23 11:41:05,210][__main__][INFO] - recall:             0.8129     0.7382
[2023-05-23 11:41:05,210][__main__][INFO] - f1:                 0.8496     0.7735
[2023-05-23 11:41:05,210][__main__][INFO] - rval:               0.8613     0.8011
[2023-05-23 11:41:05,598][__main__][INFO] - Epoch: 15/50 | Batch: 48/208 | Loss: 0.0247
[2023-05-23 11:41:05,975][__main__][INFO] - Epoch: 15/50 | Batch: 58/208 | Loss: 0.0233
[2023-05-23 11:41:06,361][__main__][INFO] - Epoch: 15/50 | Batch: 68/208 | Loss: 0.0236
[2023-05-23 11:41:06,734][__main__][INFO] - Epoch: 15/50 | Batch: 78/208 | Loss: 0.0286
[2023-05-23 11:41:07,110][__main__][INFO] - Epoch: 15/50 | Batch: 88/208 | Loss: 0.0246
[2023-05-23 11:41:07,111][__main__][INFO] - MODEL VALIDATION: Epoch: 15/50 | Batch: 88/208
[2023-05-23 11:41:07,111][__main__][INFO] - Evaluating model on 370 samples
[2023-05-23 11:41:07,864][__main__][INFO] - Computing metrics with distance threshold of 1 frames
[2023-05-23 11:41:09,996][__main__][INFO] - SCORES:            Lenient      Harsh
[2023-05-23 11:41:09,997][__main__][INFO] - precision:          0.8936     0.8132
[2023-05-23 11:41:09,997][__main__][INFO] - recall:             0.8194     0.7453
[2023-05-23 11:41:09,997][__main__][INFO] - f1:                 0.8549     0.7777
[2023-05-23 11:41:09,997][__main__][INFO] - rval:               0.8661     0.8054
[2023-05-23 11:41:10,377][__main__][INFO] - Epoch: 15/50 | Batch: 98/208 | Loss: 0.0274
[2023-05-23 11:41:10,750][__main__][INFO] - Epoch: 15/50 | Batch: 108/208 | Loss: 0.0279
[2023-05-23 11:41:11,127][__main__][INFO] - Epoch: 15/50 | Batch: 118/208 | Loss: 0.0281
[2023-05-23 11:41:11,495][__main__][INFO] - Epoch: 15/50 | Batch: 128/208 | Loss: 0.0280
[2023-05-23 11:41:11,861][__main__][INFO] - Epoch: 15/50 | Batch: 138/208 | Loss: 0.0319
[2023-05-23 11:41:11,861][__main__][INFO] - MODEL VALIDATION: Epoch: 15/50 | Batch: 138/208
[2023-05-23 11:41:11,862][__main__][INFO] - Evaluating model on 370 samples
[2023-05-23 11:41:12,686][__main__][INFO] - Computing metrics with distance threshold of 1 frames
[2023-05-23 11:41:14,843][__main__][INFO] - SCORES:            Lenient      Harsh
[2023-05-23 11:41:14,844][__main__][INFO] - precision:          0.8896     0.8021
[2023-05-23 11:41:14,844][__main__][INFO] - recall:             0.8175     0.7472
[2023-05-23 11:41:14,844][__main__][INFO] - f1:                 0.8520     0.7737
[2023-05-23 11:41:14,844][__main__][INFO] - rval:               0.8643     0.8038
[2023-05-23 11:41:15,219][__main__][INFO] - Epoch: 15/50 | Batch: 148/208 | Loss: 0.0308
[2023-05-23 11:41:15,589][__main__][INFO] - Epoch: 15/50 | Batch: 158/208 | Loss: 0.0296
[2023-05-23 11:41:15,962][__main__][INFO] - Epoch: 15/50 | Batch: 168/208 | Loss: 0.0276
[2023-05-23 11:41:16,341][__main__][INFO] - Epoch: 15/50 | Batch: 178/208 | Loss: 0.0273
[2023-05-23 11:41:16,700][__main__][INFO] - Epoch: 15/50 | Batch: 188/208 | Loss: 0.0327
[2023-05-23 11:41:16,701][__main__][INFO] - MODEL VALIDATION: Epoch: 15/50 | Batch: 188/208
[2023-05-23 11:41:16,701][__main__][INFO] - Evaluating model on 370 samples
[2023-05-23 11:41:17,459][__main__][INFO] - Computing metrics with distance threshold of 1 frames
[2023-05-23 11:41:19,524][__main__][INFO] - SCORES:            Lenient      Harsh
[2023-05-23 11:41:19,524][__main__][INFO] - precision:          0.9001     0.8286
[2023-05-23 11:41:19,524][__main__][INFO] - recall:             0.8018     0.7289
[2023-05-23 11:41:19,524][__main__][INFO] - f1:                 0.8481     0.7756
[2023-05-23 11:41:19,524][__main__][INFO] - rval:               0.8554     0.7984
[2023-05-23 11:41:19,901][__main__][INFO] - Epoch: 15/50 | Batch: 198/208 | Loss: 0.0315
[2023-05-23 11:41:20,267][__main__][INFO] - Epoch: 15/50 | Batch: 208/208 | Loss: 0.0317
[2023-05-23 11:41:20,860][__main__][INFO] - Epoch: 16/50 | Batch: 10/208 | Loss: 0.0234
[2023-05-23 11:41:21,228][__main__][INFO] - Epoch: 16/50 | Batch: 20/208 | Loss: 0.0191
[2023-05-23 11:41:21,605][__main__][INFO] - Epoch: 16/50 | Batch: 30/208 | Loss: 0.0212
[2023-05-23 11:41:21,606][__main__][INFO] - MODEL VALIDATION: Epoch: 16/50 | Batch: 30/208
[2023-05-23 11:41:21,606][__main__][INFO] - Evaluating model on 370 samples
[2023-05-23 11:41:22,462][__main__][INFO] - Computing metrics with distance threshold of 1 frames
[2023-05-23 11:41:24,526][__main__][INFO] - SCORES:            Lenient      Harsh
[2023-05-23 11:41:24,527][__main__][INFO] - precision:          0.9010     0.8261
[2023-05-23 11:41:24,527][__main__][INFO] - recall:             0.8014     0.7280
[2023-05-23 11:41:24,527][__main__][INFO] - f1:                 0.8483     0.7739
[2023-05-23 11:41:24,527][__main__][INFO] - rval:               0.8552     0.7974
[2023-05-23 11:41:24,879][__main__][INFO] - Epoch: 16/50 | Batch: 40/208 | Loss: 0.0216
[2023-05-23 11:41:25,250][__main__][INFO] - Epoch: 16/50 | Batch: 50/208 | Loss: 0.0201
[2023-05-23 11:41:25,618][__main__][INFO] - Epoch: 16/50 | Batch: 60/208 | Loss: 0.0239
[2023-05-23 11:41:26,021][__main__][INFO] - Epoch: 16/50 | Batch: 70/208 | Loss: 0.0220
[2023-05-23 11:41:26,414][__main__][INFO] - Epoch: 16/50 | Batch: 80/208 | Loss: 0.0213
[2023-05-23 11:41:26,414][__main__][INFO] - MODEL VALIDATION: Epoch: 16/50 | Batch: 80/208
[2023-05-23 11:41:26,415][__main__][INFO] - Evaluating model on 370 samples
[2023-05-23 11:41:27,254][__main__][INFO] - Computing metrics with distance threshold of 1 frames
[2023-05-23 11:41:29,356][__main__][INFO] - SCORES:            Lenient      Harsh
[2023-05-23 11:41:29,356][__main__][INFO] - precision:          0.9034     0.8152
[2023-05-23 11:41:29,356][__main__][INFO] - recall:             0.8059     0.7388
[2023-05-23 11:41:29,356][__main__][INFO] - f1:                 0.8519     0.7751
[2023-05-23 11:41:29,356][__main__][INFO] - rval:               0.8585     0.8021
[2023-05-23 11:41:29,746][__main__][INFO] - Epoch: 16/50 | Batch: 90/208 | Loss: 0.0234
[2023-05-23 11:41:30,145][__main__][INFO] - Epoch: 16/50 | Batch: 100/208 | Loss: 0.0241
[2023-05-23 11:41:30,526][__main__][INFO] - Epoch: 16/50 | Batch: 110/208 | Loss: 0.0238
[2023-05-23 11:41:30,901][__main__][INFO] - Epoch: 16/50 | Batch: 120/208 | Loss: 0.0268
[2023-05-23 11:41:31,267][__main__][INFO] - Epoch: 16/50 | Batch: 130/208 | Loss: 0.0289
[2023-05-23 11:41:31,267][__main__][INFO] - MODEL VALIDATION: Epoch: 16/50 | Batch: 130/208
[2023-05-23 11:41:31,267][__main__][INFO] - Evaluating model on 370 samples
[2023-05-23 11:41:32,009][__main__][INFO] - Computing metrics with distance threshold of 1 frames
[2023-05-23 11:41:34,142][__main__][INFO] - SCORES:            Lenient      Harsh
[2023-05-23 11:41:34,143][__main__][INFO] - precision:          0.8897     0.8096
[2023-05-23 11:41:34,143][__main__][INFO] - recall:             0.8210     0.7492
[2023-05-23 11:41:34,143][__main__][INFO] - f1:                 0.8540     0.7783
[2023-05-23 11:41:34,143][__main__][INFO] - rval:               0.8665     0.8069
[2023-05-23 11:41:34,535][__main__][INFO] - Epoch: 16/50 | Batch: 140/208 | Loss: 0.0282
[2023-05-23 11:41:34,913][__main__][INFO] - Epoch: 16/50 | Batch: 150/208 | Loss: 0.0267
[2023-05-23 11:41:35,300][__main__][INFO] - Epoch: 16/50 | Batch: 160/208 | Loss: 0.0285
[2023-05-23 11:41:35,669][__main__][INFO] - Epoch: 16/50 | Batch: 170/208 | Loss: 0.0294
[2023-05-23 11:41:36,032][__main__][INFO] - Epoch: 16/50 | Batch: 180/208 | Loss: 0.0287
[2023-05-23 11:41:36,032][__main__][INFO] - MODEL VALIDATION: Epoch: 16/50 | Batch: 180/208
[2023-05-23 11:41:36,033][__main__][INFO] - Evaluating model on 370 samples
[2023-05-23 11:41:36,897][__main__][INFO] - Computing metrics with distance threshold of 1 frames
[2023-05-23 11:41:38,985][__main__][INFO] - SCORES:            Lenient      Harsh
[2023-05-23 11:41:38,985][__main__][INFO] - precision:          0.8887     0.8196
[2023-05-23 11:41:38,985][__main__][INFO] - recall:             0.8084     0.7326
[2023-05-23 11:41:38,986][__main__][INFO] - f1:                 0.8467     0.7737
[2023-05-23 11:41:38,986][__main__][INFO] - rval:               0.8583     0.7992
[2023-05-23 11:41:39,347][__main__][INFO] - Epoch: 16/50 | Batch: 190/208 | Loss: 0.0292
[2023-05-23 11:41:39,742][__main__][INFO] - Epoch: 16/50 | Batch: 200/208 | Loss: 0.0312
[2023-05-23 11:41:40,236][__main__][INFO] - Epoch: 17/50 | Batch: 2/208 | Loss: 0.0034
[2023-05-23 11:41:40,591][__main__][INFO] - Epoch: 17/50 | Batch: 12/208 | Loss: 0.0192
[2023-05-23 11:41:40,965][__main__][INFO] - Epoch: 17/50 | Batch: 22/208 | Loss: 0.0230
[2023-05-23 11:41:40,965][__main__][INFO] - MODEL VALIDATION: Epoch: 17/50 | Batch: 22/208
[2023-05-23 11:41:40,966][__main__][INFO] - Evaluating model on 370 samples
[2023-05-23 11:41:41,724][__main__][INFO] - Computing metrics with distance threshold of 1 frames
[2023-05-23 11:41:43,827][__main__][INFO] - SCORES:            Lenient      Harsh
[2023-05-23 11:41:43,827][__main__][INFO] - precision:          0.8997     0.8190
[2023-05-23 11:41:43,827][__main__][INFO] - recall:             0.8067     0.7375
[2023-05-23 11:41:43,827][__main__][INFO] - f1:                 0.8507     0.7761
[2023-05-23 11:41:43,827][__main__][INFO] - rval:               0.8586     0.8020
[2023-05-23 11:41:44,197][__main__][INFO] - Epoch: 17/50 | Batch: 32/208 | Loss: 0.0215
[2023-05-23 11:41:44,580][__main__][INFO] - Epoch: 17/50 | Batch: 42/208 | Loss: 0.0221
[2023-05-23 11:41:44,969][__main__][INFO] - Epoch: 17/50 | Batch: 52/208 | Loss: 0.0197
[2023-05-23 11:41:45,351][__main__][INFO] - Epoch: 17/50 | Batch: 62/208 | Loss: 0.0226
[2023-05-23 11:41:45,709][__main__][INFO] - Epoch: 17/50 | Batch: 72/208 | Loss: 0.0241
[2023-05-23 11:41:45,709][__main__][INFO] - MODEL VALIDATION: Epoch: 17/50 | Batch: 72/208
[2023-05-23 11:41:45,710][__main__][INFO] - Evaluating model on 370 samples
[2023-05-23 11:41:46,481][__main__][INFO] - Computing metrics with distance threshold of 1 frames
[2023-05-23 11:41:48,568][__main__][INFO] - SCORES:            Lenient      Harsh
[2023-05-23 11:41:48,568][__main__][INFO] - precision:          0.8887     0.8213
[2023-05-23 11:41:48,568][__main__][INFO] - recall:             0.8082     0.7333
[2023-05-23 11:41:48,569][__main__][INFO] - f1:                 0.8465     0.7748
[2023-05-23 11:41:48,569][__main__][INFO] - rval:               0.8582     0.7999
[2023-05-23 11:41:48,945][__main__][INFO] - Epoch: 17/50 | Batch: 82/208 | Loss: 0.0240
[2023-05-23 11:41:49,321][__main__][INFO] - Epoch: 17/50 | Batch: 92/208 | Loss: 0.0252
[2023-05-23 11:41:49,692][__main__][INFO] - Epoch: 17/50 | Batch: 102/208 | Loss: 0.0262
[2023-05-23 11:41:50,062][__main__][INFO] - Epoch: 17/50 | Batch: 112/208 | Loss: 0.0224
[2023-05-23 11:41:50,438][__main__][INFO] - Epoch: 17/50 | Batch: 122/208 | Loss: 0.0283
[2023-05-23 11:41:50,438][__main__][INFO] - MODEL VALIDATION: Epoch: 17/50 | Batch: 122/208
[2023-05-23 11:41:50,438][__main__][INFO] - Evaluating model on 370 samples
[2023-05-23 11:41:51,192][__main__][INFO] - Computing metrics with distance threshold of 1 frames
[2023-05-23 11:41:53,310][__main__][INFO] - SCORES:            Lenient      Harsh
[2023-05-23 11:41:53,310][__main__][INFO] - precision:          0.8986     0.8295
[2023-05-23 11:41:53,310][__main__][INFO] - recall:             0.8009     0.7285
[2023-05-23 11:41:53,310][__main__][INFO] - f1:                 0.8470     0.7757
[2023-05-23 11:41:53,310][__main__][INFO] - rval:               0.8546     0.7983
[2023-05-23 11:41:53,686][__main__][INFO] - Epoch: 17/50 | Batch: 132/208 | Loss: 0.0247
[2023-05-23 11:41:54,035][__main__][INFO] - Epoch: 17/50 | Batch: 142/208 | Loss: 0.0281
[2023-05-23 11:41:54,396][__main__][INFO] - Epoch: 17/50 | Batch: 152/208 | Loss: 0.0312
[2023-05-23 11:41:54,763][__main__][INFO] - Epoch: 17/50 | Batch: 162/208 | Loss: 0.0280
[2023-05-23 11:41:55,138][__main__][INFO] - Epoch: 17/50 | Batch: 172/208 | Loss: 0.0288
[2023-05-23 11:41:55,139][__main__][INFO] - MODEL VALIDATION: Epoch: 17/50 | Batch: 172/208
[2023-05-23 11:41:55,139][__main__][INFO] - Evaluating model on 370 samples
[2023-05-23 11:41:55,903][__main__][INFO] - Computing metrics with distance threshold of 1 frames
